<test-run id="2" testcasecount="18" result="Passed" start-time="2026-06-01 11:08:41.282081" end-time="2026-06-01 11:08:41.520287" duration="0" total="18" passed="18" failed="0" inconclusive="0" skipped="0" asserts="0" clr-version="3.11.9 (tags/v3.11.9:de54cf5, Apr  2 2024, 10:12:12) [MSC v.1938 64 bit (AMD64)]" engine-version="3.6.2"><command-line>C:\Users\edwin\AppData\Local\Programs\Python\Python311\Scripts\pytest tests/ -v --tb=short</command-line><filter><test re="0">tests/</test></filter><test-suite id="tests/test_types.py::TestDelayInfo" name="tests/test_types.py::TestDelayInfo" fullname="tests/test_types.py::TestDelayInfo" methodname="" classname="" runstate="Runnable" type="Assembly" testcasecount="3" result="Passed" label="Tests for DelayInfo model." start-time="2026-06-01 11:08:41.518279" end-time="2026-06-01 11:08:41.520287" duration="0.002008" asserts="0" total="3" passed="3" failed="0" warnings="0" inconclusive="0" skipped="0"><properties><property name="python_version" value="3.11.9 (tags/v3.11.9:de54cf5, Apr  2 2024, 10:12:12) [MSC v.1938 64 bit (AMD64)]" /></properties><test-case id="114" name="tests/test_types.py::TestDelayInfo::test_create_delay_info" fullname="tests/test_types.py::TestDelayInfo::test_create_delay_info" methodname="test_create_delay_info" classname="TestDelayInfo" runstate="Runnable" seed="1" result="Passed" label="Test creating a DelayInfo instance." start-time="2026-06-01 11:08:41.518279" end-time="2026-06-01 11:08:41.518279" duration="0.0" asserts="0"><properties><property name="python-version" value="3.11.9 (tags/v3.11.9:de54cf5, Apr  2 2024, 10:12:12) [MSC v.1938 64 bit (AMD64)]" /><property name="fspath" value="tests/test_types.py" /></properties><environment framework-version="3.6.2" clr-version="3.11.9 (tags/v3.11.9:de54cf5, Apr  2 2024, 10:12:12) [MSC v.1938 64 bit (AMD64)]" os-version="10" platform="Windows" cwd="C:\Users\edwin\Repositories\simrail-companion" machine-name="AMD64" user="" user-domain="" culture="en_GB" uiculture="en_GB" os-architecture="64bit" /><failure><message><![CDATA[]]></message><stack-trace><![CDATA[None]]></stack-trace></failure><reason><message><![CDATA[]]></message></reason><output><![CDATA[]]></output></test-case><test-case id="115" name="tests/test_types.py::TestDelayInfo::test_delay_status_types" fullname="tests/test_types.py::TestDelayInfo::test_delay_status_types" methodname="test_delay_status_types" classname="TestDelayInfo" runstate="Runnable" seed="1" result="Passed" label="Test all delay status types: on_time, delayed, early." start-time="2026-06-01 11:08:41.519284" end-time="2026-06-01 11:08:41.519284" duration="0.0" asserts="0"><properties><property name="python-version" value="3.11.9 (tags/v3.11.9:de54cf5, Apr  2 2024, 10:12:12) [MSC v.1938 64 bit (AMD64)]" /><property name="fspath" value="tests/test_types.py" /></properties><environment framework-version="3.6.2" clr-version="3.11.9 (tags/v3.11.9:de54cf5, Apr  2 2024, 10:12:12) [MSC v.1938 64 bit (AMD64)]" os-version="10" platform="Windows" cwd="C:\Users\edwin\Repositories\simrail-companion" machine-name="AMD64" user="" user-domain="" culture="en_GB" uiculture="en_GB" os-architecture="64bit" /><failure><message><![CDATA[]]></message><stack-trace><![CDATA[None]]></stack-trace></failure><reason><message><![CDATA[]]></message></reason><output><![CDATA[]]></output></test-case><test-case id="116" name="tests/test_types.py::TestDelayInfo::test_datetime_formatting" fullname="tests/test_types.py::TestDelayInfo::test_datetime_formatting" methodname="test_datetime_formatting" classname="TestDelayInfo" runstate="Runnable" seed="1" result="Passed" label="Test that datetime fields can be formatted with strftime." start-time="2026-06-01 11:08:41.519284" end-time="2026-06-01 11:08:41.520287" duration="0.001003" asserts="0"><properties><property name="python-version" value="3.11.9 (tags/v3.11.9:de54cf5, Apr  2 2024, 10:12:12) [MSC v.1938 64 bit (AMD64)]" /><property name="fspath" value="tests/test_types.py" /></properties><environment framework-version="3.6.2" clr-version="3.11.9 (tags/v3.11.9:de54cf5, Apr  2 2024, 10:12:12) [MSC v.1938 64 bit (AMD64)]" os-version="10" platform="Windows" cwd="C:\Users\edwin\Repositories\simrail-companion" machine-name="AMD64" user="" user-domain="" culture="en_GB" uiculture="en_GB" os-architecture="64bit" /><failure><message><![CDATA[]]></message><stack-trace><![CDATA[None]]></stack-trace></failure><reason><message><![CDATA[]]></message></reason><output><![CDATA[]]></output></test-case><environment framework-version="3.6.2" clr-version="3.11.9 (tags/v3.11.9:de54cf5, Apr  2 2024, 10:12:12) [MSC v.1938 64 bit (AMD64)]" os-version="10" platform="Windows" cwd="C:\Users\edwin\Repositories\simrail-companion" machine-name="AMD64" user="" user-domain="" culture="en_GB" uiculture="en_GB" os-architecture="64bit" /></test-suite><test-suite id="tests/test_delay_calculation.py::TestDelayCalculation" name="tests/test_delay_calculation.py::TestDelayCalculation" fullname="tests/test_delay_calculation.py::TestDelayCalculation" methodname="" classname="" runstate="Runnable" type="Assembly" testcasecount="8" result="Passed" label="Tests for the calculate_delay method." start-time="2026-06-01 11:08:41.507160" end-time="2026-06-01 11:08:41.514262" duration="0.007102" asserts="0" total="8" passed="8" failed="0" warnings="0" inconclusive="0" skipped="0"><properties><property name="python_version" value="3.11.9 (tags/v3.11.9:de54cf5, Apr  2 2024, 10:12:12) [MSC v.1938 64 bit (AMD64)]" /></properties><test-case id="100" name="tests/test_delay_calculation.py::TestDelayCalculation::test_on_time_arrival" fullname="tests/test_delay_calculation.py::TestDelayCalculation::test_on_time_arrival" methodname="test_on_time_arrival" classname="TestDelayCalculation" runstate="Runnable" seed="1" result="Passed" label="Test delay calculation for on-time arrival." start-time="2026-06-01 11:08:41.507160" end-time="2026-06-01 11:08:41.508163" duration="0.001003" asserts="0"><properties><property name="python-version" value="3.11.9 (tags/v3.11.9:de54cf5, Apr  2 2024, 10:12:12) [MSC v.1938 64 bit (AMD64)]" /><property name="fspath" value="tests/test_delay_calculation.py" /></properties><environment framework-version="3.6.2" clr-version="3.11.9 (tags/v3.11.9:de54cf5, Apr  2 2024, 10:12:12) [MSC v.1938 64 bit (AMD64)]" os-version="10" platform="Windows" cwd="C:\Users\edwin\Repositories\simrail-companion" machine-name="AMD64" user="" user-domain="" culture="en_GB" uiculture="en_GB" os-architecture="64bit" /><failure><message><![CDATA[]]></message><stack-trace><![CDATA[None]]></stack-trace></failure><reason><message><![CDATA[]]></message></reason><output><![CDATA[]]></output></test-case><test-case id="101" name="tests/test_delay_calculation.py::TestDelayCalculation::test_delayed_arrival" fullname="tests/test_delay_calculation.py::TestDelayCalculation::test_delayed_arrival" methodname="test_delayed_arrival" classname="TestDelayCalculation" runstate="Runnable" seed="1" result="Passed" label="Test delay calculation for delayed arrival (&gt;1 minute late)." start-time="2026-06-01 11:08:41.509166" end-time="2026-06-01 11:08:41.509166" duration="0.0" asserts="0"><properties><property name="python-version" value="3.11.9 (tags/v3.11.9:de54cf5, Apr  2 2024, 10:12:12) [MSC v.1938 64 bit (AMD64)]" /><property name="fspath" value="tests/test_delay_calculation.py" /></properties><environment framework-version="3.6.2" clr-version="3.11.9 (tags/v3.11.9:de54cf5, Apr  2 2024, 10:12:12) [MSC v.1938 64 bit (AMD64)]" os-version="10" platform="Windows" cwd="C:\Users\edwin\Repositories\simrail-companion" machine-name="AMD64" user="" user-domain="" culture="en_GB" uiculture="en_GB" os-architecture="64bit" /><failure><message><![CDATA[]]></message><stack-trace><![CDATA[None]]></stack-trace></failure><reason><message><![CDATA[]]></message></reason><output><![CDATA[]]></output></test-case><test-case id="102" name="tests/test_delay_calculation.py::TestDelayCalculation::test_early_arrival" fullname="tests/test_delay_calculation.py::TestDelayCalculation::test_early_arrival" methodname="test_early_arrival" classname="TestDelayCalculation" runstate="Runnable" seed="1" result="Passed" label="Test delay calculation for early arrival (&gt;1 minute early)." start-time="2026-06-01 11:08:41.509166" end-time="2026-06-01 11:08:41.510169" duration="0.001003" asserts="0"><properties><property name="python-version" value="3.11.9 (tags/v3.11.9:de54cf5, Apr  2 2024, 10:12:12) [MSC v.1938 64 bit (AMD64)]" /><property name="fspath" value="tests/test_delay_calculation.py" /></properties><environment framework-version="3.6.2" clr-version="3.11.9 (tags/v3.11.9:de54cf5, Apr  2 2024, 10:12:12) [MSC v.1938 64 bit (AMD64)]" os-version="10" platform="Windows" cwd="C:\Users\edwin\Repositories\simrail-companion" machine-name="AMD64" user="" user-domain="" culture="en_GB" uiculture="en_GB" os-architecture="64bit" /><failure><message><![CDATA[]]></message><stack-trace><![CDATA[None]]></stack-trace></failure><reason><message><![CDATA[]]></message></reason><output><![CDATA[]]></output></test-case><test-case id="103" name="tests/test_delay_calculation.py::TestDelayCalculation::test_small_delay_counts_as_on_time" fullname="tests/test_delay_calculation.py::TestDelayCalculation::test_small_delay_counts_as_on_time" methodname="test_small_delay_counts_as_on_time" classname="TestDelayCalculation" runstate="Runnable" seed="1" result="Passed" label="Test that delays &lt;1 minute are considered on_time." start-time="2026-06-01 11:08:41.510169" end-time="2026-06-01 11:08:41.511172" duration="0.001003" asserts="0"><properties><property name="python-version" value="3.11.9 (tags/v3.11.9:de54cf5, Apr  2 2024, 10:12:12) [MSC v.1938 64 bit (AMD64)]" /><property name="fspath" value="tests/test_delay_calculation.py" /></properties><environment framework-version="3.6.2" clr-version="3.11.9 (tags/v3.11.9:de54cf5, Apr  2 2024, 10:12:12) [MSC v.1938 64 bit (AMD64)]" os-version="10" platform="Windows" cwd="C:\Users\edwin\Repositories\simrail-companion" machine-name="AMD64" user="" user-domain="" culture="en_GB" uiculture="en_GB" os-architecture="64bit" /><failure><message><![CDATA[]]></message><stack-trace><![CDATA[None]]></stack-trace></failure><reason><message><![CDATA[]]></message></reason><output><![CDATA[]]></output></test-case><test-case id="104" name="tests/test_delay_calculation.py::TestDelayCalculation::test_pass_through_station" fullname="tests/test_delay_calculation.py::TestDelayCalculation::test_pass_through_station" methodname="test_pass_through_station" classname="TestDelayCalculation" runstate="Runnable" seed="1" result="Passed" label="Test delay calculation for pass-through station (stopType=NONE)." start-time="2026-06-01 11:08:41.511172" end-time="2026-06-01 11:08:41.511172" duration="0.0" asserts="0"><properties><property name="python-version" value="3.11.9 (tags/v3.11.9:de54cf5, Apr  2 2024, 10:12:12) [MSC v.1938 64 bit (AMD64)]" /><property name="fspath" value="tests/test_delay_calculation.py" /></properties><environment framework-version="3.6.2" clr-version="3.11.9 (tags/v3.11.9:de54cf5, Apr  2 2024, 10:12:12) [MSC v.1938 64 bit (AMD64)]" os-version="10" platform="Windows" cwd="C:\Users\edwin\Repositories\simrail-companion" machine-name="AMD64" user="" user-domain="" culture="en_GB" uiculture="en_GB" os-architecture="64bit" /><failure><message><![CDATA[]]></message><stack-trace><![CDATA[None]]></stack-trace></failure><reason><message><![CDATA[]]></message></reason><output><![CDATA[]]></output></test-case><test-case id="105" name="tests/test_delay_calculation.py::TestDelayCalculation::test_technical_stop" fullname="tests/test_delay_calculation.py::TestDelayCalculation::test_technical_stop" methodname="test_technical_stop" classname="TestDelayCalculation" runstate="Runnable" seed="1" result="Passed" label="Test delay calculation for technical stop." start-time="2026-06-01 11:08:41.512179" end-time="2026-06-01 11:08:41.512179" duration="0.0" asserts="0"><properties><property name="python-version" value="3.11.9 (tags/v3.11.9:de54cf5, Apr  2 2024, 10:12:12) [MSC v.1938 64 bit (AMD64)]" /><property name="fspath" value="tests/test_delay_calculation.py" /></properties><environment framework-version="3.6.2" clr-version="3.11.9 (tags/v3.11.9:de54cf5, Apr  2 2024, 10:12:12) [MSC v.1938 64 bit (AMD64)]" os-version="10" platform="Windows" cwd="C:\Users\edwin\Repositories\simrail-companion" machine-name="AMD64" user="" user-domain="" culture="en_GB" uiculture="en_GB" os-architecture="64bit" /><failure><message><![CDATA[]]></message><stack-trace><![CDATA[None]]></stack-trace></failure><reason><message><![CDATA[]]></message></reason><output><![CDATA[]]></output></test-case><test-case id="106" name="tests/test_delay_calculation.py::TestDelayCalculation::test_delay_preserves_all_fields" fullname="tests/test_delay_calculation.py::TestDelayCalculation::test_delay_preserves_all_fields" methodname="test_delay_preserves_all_fields" classname="TestDelayCalculation" runstate="Runnable" seed="1" result="Passed" label="Test that calculate_delay preserves all event fields." start-time="2026-06-01 11:08:41.512179" end-time="2026-06-01 11:08:41.513259" duration="0.00108" asserts="0"><properties><property name="python-version" value="3.11.9 (tags/v3.11.9:de54cf5, Apr  2 2024, 10:12:12) [MSC v.1938 64 bit (AMD64)]" /><property name="fspath" value="tests/test_delay_calculation.py" /></properties><environment framework-version="3.6.2" clr-version="3.11.9 (tags/v3.11.9:de54cf5, Apr  2 2024, 10:12:12) [MSC v.1938 64 bit (AMD64)]" os-version="10" platform="Windows" cwd="C:\Users\edwin\Repositories\simrail-companion" machine-name="AMD64" user="" user-domain="" culture="en_GB" uiculture="en_GB" os-architecture="64bit" /><failure><message><![CDATA[]]></message><stack-trace><![CDATA[None]]></stack-trace></failure><reason><message><![CDATA[]]></message></reason><output><![CDATA[]]></output></test-case><test-case id="107" name="tests/test_delay_calculation.py::TestDelayCalculation::test_large_delay" fullname="tests/test_delay_calculation.py::TestDelayCalculation::test_large_delay" methodname="test_large_delay" classname="TestDelayCalculation" runstate="Runnable" seed="1" result="Passed" label="Test delay calculation for very large delay (&gt;1 hour)." start-time="2026-06-01 11:08:41.513259" end-time="2026-06-01 11:08:41.514262" duration="0.001003" asserts="0"><properties><property name="python-version" value="3.11.9 (tags/v3.11.9:de54cf5, Apr  2 2024, 10:12:12) [MSC v.1938 64 bit (AMD64)]" /><property name="fspath" value="tests/test_delay_calculation.py" /></properties><environment framework-version="3.6.2" clr-version="3.11.9 (tags/v3.11.9:de54cf5, Apr  2 2024, 10:12:12) [MSC v.1938 64 bit (AMD64)]" os-version="10" platform="Windows" cwd="C:\Users\edwin\Repositories\simrail-companion" machine-name="AMD64" user="" user-domain="" culture="en_GB" uiculture="en_GB" os-architecture="64bit" /><failure><message><![CDATA[]]></message><stack-trace><![CDATA[None]]></stack-trace></failure><reason><message><![CDATA[]]></message></reason><output><![CDATA[]]></output></test-case><environment framework-version="3.6.2" clr-version="3.11.9 (tags/v3.11.9:de54cf5, Apr  2 2024, 10:12:12) [MSC v.1938 64 bit (AMD64)]" os-version="10" platform="Windows" cwd="C:\Users\edwin\Repositories\simrail-companion" machine-name="AMD64" user="" user-domain="" culture="en_GB" uiculture="en_GB" os-architecture="64bit" /></test-suite><test-suite id="tests/test_types.py::TestJourneyEvent" name="tests/test_types.py::TestJourneyEvent" fullname="tests/test_types.py::TestJourneyEvent" methodname="" classname="" runstate="Runnable" type="Assembly" testcasecount="6" result="Passed" label="Tests for JourneyEvent model." start-time="2026-06-01 11:08:41.514262" end-time="2026-06-01 11:08:41.518279" duration="0.004017" asserts="0" total="6" passed="6" failed="0" warnings="0" inconclusive="0" skipped="0"><properties><property name="python_version" value="3.11.9 (tags/v3.11.9:de54cf5, Apr  2 2024, 10:12:12) [MSC v.1938 64 bit (AMD64)]" /></properties><test-case id="108" name="tests/test_types.py::TestJourneyEvent::test_parse_iso_datetime_with_milliseconds_and_z" fullname="tests/test_types.py::TestJourneyEvent::test_parse_iso_datetime_with_milliseconds_and_z" methodname="test_parse_iso_datetime_with_milliseconds_and_z" classname="TestJourneyEvent" runstate="Runnable" seed="1" result="Passed" label="Test parsing ISO-8601 datetime with milliseconds and Z timezone." start-time="2026-06-01 11:08:41.514262" end-time="2026-06-01 11:08:41.514262" duration="0.0" asserts="0"><properties><property name="python-version" value="3.11.9 (tags/v3.11.9:de54cf5, Apr  2 2024, 10:12:12) [MSC v.1938 64 bit (AMD64)]" /><property name="fspath" value="tests/test_types.py" /></properties><environment framework-version="3.6.2" clr-version="3.11.9 (tags/v3.11.9:de54cf5, Apr  2 2024, 10:12:12) [MSC v.1938 64 bit (AMD64)]" os-version="10" platform="Windows" cwd="C:\Users\edwin\Repositories\simrail-companion" machine-name="AMD64" user="" user-domain="" culture="en_GB" uiculture="en_GB" os-architecture="64bit" /><failure><message><![CDATA[]]></message><stack-trace><![CDATA[None]]></stack-trace></failure><reason><message><![CDATA[]]></message></reason><output><![CDATA[]]></output></test-case><test-case id="109" name="tests/test_types.py::TestJourneyEvent::test_datetime_is_timezone_aware" fullname="tests/test_types.py::TestJourneyEvent::test_datetime_is_timezone_aware" methodname="test_datetime_is_timezone_aware" classname="TestJourneyEvent" runstate="Runnable" seed="1" result="Passed" label="Test that parsed datetimes with Z are timezone-aware (UTC)." start-time="2026-06-01 11:08:41.515265" end-time="2026-06-01 11:08:41.515265" duration="0.0" asserts="0"><properties><property name="python-version" value="3.11.9 (tags/v3.11.9:de54cf5, Apr  2 2024, 10:12:12) [MSC v.1938 64 bit (AMD64)]" /><property name="fspath" value="tests/test_types.py" /></properties><environment framework-version="3.6.2" clr-version="3.11.9 (tags/v3.11.9:de54cf5, Apr  2 2024, 10:12:12) [MSC v.1938 64 bit (AMD64)]" os-version="10" platform="Windows" cwd="C:\Users\edwin\Repositories\simrail-companion" machine-name="AMD64" user="" user-domain="" culture="en_GB" uiculture="en_GB" os-architecture="64bit" /><failure><message><![CDATA[]]></message><stack-trace><![CDATA[None]]></stack-trace></failure><reason><message><![CDATA[]]></message></reason><output><![CDATA[]]></output></test-case><test-case id="110" name="tests/test_types.py::TestJourneyEvent::test_datetime_without_timezone" fullname="tests/test_types.py::TestJourneyEvent::test_datetime_without_timezone" methodname="test_datetime_without_timezone" classname="TestJourneyEvent" runstate="Runnable" seed="1" result="Passed" label="Test that parsed datetimes without timezone info work (timezone-naive)." start-time="2026-06-01 11:08:41.515265" end-time="2026-06-01 11:08:41.516268" duration="0.001003" asserts="0"><properties><property name="python-version" value="3.11.9 (tags/v3.11.9:de54cf5, Apr  2 2024, 10:12:12) [MSC v.1938 64 bit (AMD64)]" /><property name="fspath" value="tests/test_types.py" /></properties><environment framework-version="3.6.2" clr-version="3.11.9 (tags/v3.11.9:de54cf5, Apr  2 2024, 10:12:12) [MSC v.1938 64 bit (AMD64)]" os-version="10" platform="Windows" cwd="C:\Users\edwin\Repositories\simrail-companion" machine-name="AMD64" user="" user-domain="" culture="en_GB" uiculture="en_GB" os-architecture="64bit" /><failure><message><![CDATA[]]></message><stack-trace><![CDATA[None]]></stack-trace></failure><reason><message><![CDATA[]]></message></reason><output><![CDATA[]]></output></test-case><test-case id="111" name="tests/test_types.py::TestJourneyEvent::test_stop_types" fullname="tests/test_types.py::TestJourneyEvent::test_stop_types" methodname="test_stop_types" classname="TestJourneyEvent" runstate="Runnable" seed="1" result="Passed" label="Test all three stop types: NONE, TECHNICAL, PASSENGER." start-time="2026-06-01 11:08:41.516268" end-time="2026-06-01 11:08:41.516268" duration="0.0" asserts="0"><properties><property name="python-version" value="3.11.9 (tags/v3.11.9:de54cf5, Apr  2 2024, 10:12:12) [MSC v.1938 64 bit (AMD64)]" /><property name="fspath" value="tests/test_types.py" /></properties><environment framework-version="3.6.2" clr-version="3.11.9 (tags/v3.11.9:de54cf5, Apr  2 2024, 10:12:12) [MSC v.1938 64 bit (AMD64)]" os-version="10" platform="Windows" cwd="C:\Users\edwin\Repositories\simrail-companion" machine-name="AMD64" user="" user-domain="" culture="en_GB" uiculture="en_GB" os-architecture="64bit" /><failure><message><![CDATA[]]></message><stack-trace><![CDATA[None]]></stack-trace></failure><reason><message><![CDATA[]]></message></reason><output><![CDATA[]]></output></test-case><test-case id="112" name="tests/test_types.py::TestJourneyEvent::test_event_types" fullname="tests/test_types.py::TestJourneyEvent::test_event_types" methodname="test_event_types" classname="TestJourneyEvent" runstate="Runnable" seed="1" result="Passed" label="Test both event types: ARRIVAL and DEPARTURE." start-time="2026-06-01 11:08:41.517276" end-time="2026-06-01 11:08:41.517276" duration="0.0" asserts="0"><properties><property name="python-version" value="3.11.9 (tags/v3.11.9:de54cf5, Apr  2 2024, 10:12:12) [MSC v.1938 64 bit (AMD64)]" /><property name="fspath" value="tests/test_types.py" /></properties><environment framework-version="3.6.2" clr-version="3.11.9 (tags/v3.11.9:de54cf5, Apr  2 2024, 10:12:12) [MSC v.1938 64 bit (AMD64)]" os-version="10" platform="Windows" cwd="C:\Users\edwin\Repositories\simrail-companion" machine-name="AMD64" user="" user-domain="" culture="en_GB" uiculture="en_GB" os-architecture="64bit" /><failure><message><![CDATA[]]></message><stack-trace><![CDATA[None]]></stack-trace></failure><reason><message><![CDATA[]]></message></reason><output><![CDATA[]]></output></test-case><test-case id="113" name="tests/test_types.py::TestJourneyEvent::test_realtime_time_types" fullname="tests/test_types.py::TestJourneyEvent::test_realtime_time_types" methodname="test_realtime_time_types" classname="TestJourneyEvent" runstate="Runnable" seed="1" result="Passed" label="Test all three realtime time types: SCHEDULE, PREDICTION, REAL." start-time="2026-06-01 11:08:41.517276" end-time="2026-06-01 11:08:41.518279" duration="0.001003" asserts="0"><properties><property name="python-version" value="3.11.9 (tags/v3.11.9:de54cf5, Apr  2 2024, 10:12:12) [MSC v.1938 64 bit (AMD64)]" /><property name="fspath" value="tests/test_types.py" /></properties><environment framework-version="3.6.2" clr-version="3.11.9 (tags/v3.11.9:de54cf5, Apr  2 2024, 10:12:12) [MSC v.1938 64 bit (AMD64)]" os-version="10" platform="Windows" cwd="C:\Users\edwin\Repositories\simrail-companion" machine-name="AMD64" user="" user-domain="" culture="en_GB" uiculture="en_GB" os-architecture="64bit" /><failure><message><![CDATA[]]></message><stack-trace><![CDATA[None]]></stack-trace></failure><reason><message><![CDATA[]]></message></reason><output><![CDATA[]]></output></test-case><environment framework-version="3.6.2" clr-version="3.11.9 (tags/v3.11.9:de54cf5, Apr  2 2024, 10:12:12) [MSC v.1938 64 bit (AMD64)]" os-version="10" platform="Windows" cwd="C:\Users\edwin\Repositories\simrail-companion" machine-name="AMD64" user="" user-domain="" culture="en_GB" uiculture="en_GB" os-architecture="64bit" /></test-suite><test-suite id="tests/test_types.py::TestJourney" name="tests/test_types.py::TestJourney" fullname="tests/test_types.py::TestJourney" methodname="" classname="" runstate="Runnable" type="Assembly" testcasecount="1" result="Passed" label="Tests for Journey model." start-time="2026-06-01 11:08:41.520287" end-time="2026-06-01 11:08:41.520287" duration="0.0" asserts="0" total="1" passed="1" failed="0" warnings="0" inconclusive="0" skipped="0"><properties><property name="python_version" value="3.11.9 (tags/v3.11.9:de54cf5, Apr  2 2024, 10:12:12) [MSC v.1938 64 bit (AMD64)]" /></properties><test-case id="117" name="tests/test_types.py::TestJourney::test_create_journey" fullname="tests/test_types.py::TestJourney::test_create_journey" methodname="test_create_journey" classname="TestJourney" runstate="Runnable" seed="1" result="Passed" label="Test creating a Journey with events." start-time="2026-06-01 11:08:41.520287" end-time="2026-06-01 11:08:41.520287" duration="0.0" asserts="0"><properties><property name="python-version" value="3.11.9 (tags/v3.11.9:de54cf5, Apr  2 2024, 10:12:12) [MSC v.1938 64 bit (AMD64)]" /><property name="fspath" value="tests/test_types.py" /></properties><environment framework-version="3.6.2" clr-version="3.11.9 (tags/v3.11.9:de54cf5, Apr  2 2024, 10:12:12) [MSC v.1938 64 bit (AMD64)]" os-version="10" platform="Windows" cwd="C:\Users\edwin\Repositories\simrail-companion" machine-name="AMD64" user="" user-domain="" culture="en_GB" uiculture="en_GB" os-architecture="64bit" /><failure><message><![CDATA[]]></message><stack-trace><![CDATA[None]]></stack-trace></failure><reason><message><![CDATA[]]></message></reason><output><![CDATA[]]></output></test-case><environment framework-version="3.6.2" clr-version="3.11.9 (tags/v3.11.9:de54cf5, Apr  2 2024, 10:12:12) [MSC v.1938 64 bit (AMD64)]" os-version="10" platform="Windows" cwd="C:\Users\edwin\Repositories\simrail-companion" machine-name="AMD64" user="" user-domain="" culture="en_GB" uiculture="en_GB" os-architecture="64bit" /></test-suite></test-run>