<test-run id="2" testcasecount="47" result="Passed" start-time="2026-06-01 11:51:01.686640" end-time="2026-06-01 11:51:01.960063" duration="0" total="47" passed="47" failed="0" inconclusive="0" skipped="0" asserts="0" clr-version="3.11.9 (tags/v3.11.9:de54cf5, Apr  2 2024, 10:12:12) [MSC v.1938 64 bit (AMD64)]" engine-version="3.6.2"><command-line>C:\Users\edwin\AppData\Local\Programs\Python\Python311\Scripts\pytest tests/ --tb=line</command-line><filter><test re="0">tests/</test></filter><test-suite id="tests/test_vehicles.py::TestVehicleSequence" name="tests/test_vehicles.py::TestVehicleSequence" fullname="tests/test_vehicles.py::TestVehicleSequence" methodname="" classname="" runstate="Runnable" type="Assembly" testcasecount="3" result="Passed" label="Tests for VehicleSequence model." start-time="2026-06-01 11:51:01.955049" end-time="2026-06-01 11:51:01.957055" duration="0.002006" asserts="0" total="3" passed="3" failed="0" warnings="0" inconclusive="0" skipped="0"><properties><property name="python_version" value="3.11.9 (tags/v3.11.9:de54cf5, Apr  2 2024, 10:12:12) [MSC v.1938 64 bit (AMD64)]" /></properties><test-case id="139" name="tests/test_vehicles.py::TestVehicleSequence::test_create_vehicle_sequence_empty" fullname="tests/test_vehicles.py::TestVehicleSequence::test_create_vehicle_sequence_empty" methodname="test_create_vehicle_sequence_empty" classname="TestVehicleSequence" runstate="Runnable" seed="1" result="Passed" label="Test creating an empty VehicleSequence." start-time="2026-06-01 11:51:01.955049" end-time="2026-06-01 11:51:01.955049" duration="0.0" asserts="0"><properties><property name="python-version" value="3.11.9 (tags/v3.11.9:de54cf5, Apr  2 2024, 10:12:12) [MSC v.1938 64 bit (AMD64)]" /><property name="fspath" value="tests/test_vehicles.py" /></properties><environment framework-version="3.6.2" clr-version="3.11.9 (tags/v3.11.9:de54cf5, Apr  2 2024, 10:12:12) [MSC v.1938 64 bit (AMD64)]" os-version="10" platform="Windows" cwd="C:\Users\edwin\Repositories\simrail-companion" machine-name="AMD64" user="" user-domain="" culture="en_GB" uiculture="en_GB" os-architecture="64bit" /><failure><message><![CDATA[]]></message><stack-trace><![CDATA[None]]></stack-trace></failure><reason><message><![CDATA[]]></message></reason><output><![CDATA[]]></output></test-case><test-case id="140" name="tests/test_vehicles.py::TestVehicleSequence::test_create_vehicle_sequence_with_train" fullname="tests/test_vehicles.py::TestVehicleSequence::test_create_vehicle_sequence_with_train" methodname="test_create_vehicle_sequence_with_train" classname="TestVehicleSequence" runstate="Runnable" seed="1" result="Passed" label="Test creating a VehicleSequence with a complete train." start-time="2026-06-01 11:51:01.956052" end-time="2026-06-01 11:51:01.956052" duration="0.0" asserts="0"><properties><property name="python-version" value="3.11.9 (tags/v3.11.9:de54cf5, Apr  2 2024, 10:12:12) [MSC v.1938 64 bit (AMD64)]" /><property name="fspath" value="tests/test_vehicles.py" /></properties><environment framework-version="3.6.2" clr-version="3.11.9 (tags/v3.11.9:de54cf5, Apr  2 2024, 10:12:12) [MSC v.1938 64 bit (AMD64)]" os-version="10" platform="Windows" cwd="C:\Users\edwin\Repositories\simrail-companion" machine-name="AMD64" user="" user-domain="" culture="en_GB" uiculture="en_GB" os-architecture="64bit" /><failure><message><![CDATA[]]></message><stack-trace><![CDATA[None]]></stack-trace></failure><reason><message><![CDATA[]]></message></reason><output><![CDATA[]]></output></test-case><test-case id="141" name="tests/test_vehicles.py::TestVehicleSequence::test_vehicle_sequence_indexing" fullname="tests/test_vehicles.py::TestVehicleSequence::test_vehicle_sequence_indexing" methodname="test_vehicle_sequence_indexing" classname="TestVehicleSequence" runstate="Runnable" seed="1" result="Passed" label="Test that vehicles maintain proper indexing." start-time="2026-06-01 11:51:01.956052" end-time="2026-06-01 11:51:01.957055" duration="0.001003" asserts="0"><properties><property name="python-version" value="3.11.9 (tags/v3.11.9:de54cf5, Apr  2 2024, 10:12:12) [MSC v.1938 64 bit (AMD64)]" /><property name="fspath" value="tests/test_vehicles.py" /></properties><environment framework-version="3.6.2" clr-version="3.11.9 (tags/v3.11.9:de54cf5, Apr  2 2024, 10:12:12) [MSC v.1938 64 bit (AMD64)]" os-version="10" platform="Windows" cwd="C:\Users\edwin\Repositories\simrail-companion" machine-name="AMD64" user="" user-domain="" culture="en_GB" uiculture="en_GB" os-architecture="64bit" /><failure><message><![CDATA[]]></message><stack-trace><![CDATA[None]]></stack-trace></failure><reason><message><![CDATA[]]></message></reason><output><![CDATA[]]></output></test-case><environment framework-version="3.6.2" clr-version="3.11.9 (tags/v3.11.9:de54cf5, Apr  2 2024, 10:12:12) [MSC v.1938 64 bit (AMD64)]" os-version="10" platform="Windows" cwd="C:\Users\edwin\Repositories\simrail-companion" machine-name="AMD64" user="" user-domain="" culture="en_GB" uiculture="en_GB" os-architecture="64bit" /></test-suite><test-suite id="tests/test_extended_types.py::TestJourneyStopInfo" name="tests/test_extended_types.py::TestJourneyStopInfo" fullname="tests/test_extended_types.py::TestJourneyStopInfo" methodname="" classname="" runstate="Runnable" type="Assembly" testcasecount="1" result="Passed" label="Tests for JourneyStopInfo model." start-time="2026-06-01 11:51:01.933850" end-time="2026-06-01 11:51:01.934853" duration="0.001003" asserts="0" total="1" passed="1" failed="0" warnings="0" inconclusive="0" skipped="0"><properties><property name="python_version" value="3.11.9 (tags/v3.11.9:de54cf5, Apr  2 2024, 10:12:12) [MSC v.1938 64 bit (AMD64)]" /></properties><test-case id="108" name="tests/test_extended_types.py::TestJourneyStopInfo::test_create_stop_info" fullname="tests/test_extended_types.py::TestJourneyStopInfo::test_create_stop_info" methodname="test_create_stop_info" classname="TestJourneyStopInfo" runstate="Runnable" seed="1" result="Passed" label="Test creating a JourneyStopInfo instance." start-time="2026-06-01 11:51:01.933850" end-time="2026-06-01 11:51:01.934853" duration="0.001003" asserts="0"><properties><property name="python-version" value="3.11.9 (tags/v3.11.9:de54cf5, Apr  2 2024, 10:12:12) [MSC v.1938 64 bit (AMD64)]" /><property name="fspath" value="tests/test_extended_types.py" /></properties><environment framework-version="3.6.2" clr-version="3.11.9 (tags/v3.11.9:de54cf5, Apr  2 2024, 10:12:12) [MSC v.1938 64 bit (AMD64)]" os-version="10" platform="Windows" cwd="C:\Users\edwin\Repositories\simrail-companion" machine-name="AMD64" user="" user-domain="" culture="en_GB" uiculture="en_GB" os-architecture="64bit" /><failure><message><![CDATA[]]></message><stack-trace><![CDATA[None]]></stack-trace></failure><reason><message><![CDATA[]]></message></reason><output><![CDATA[]]></output></test-case><environment framework-version="3.6.2" clr-version="3.11.9 (tags/v3.11.9:de54cf5, Apr  2 2024, 10:12:12) [MSC v.1938 64 bit (AMD64)]" os-version="10" platform="Windows" cwd="C:\Users\edwin\Repositories\simrail-companion" machine-name="AMD64" user="" user-domain="" culture="en_GB" uiculture="en_GB" os-architecture="64bit" /></test-suite><test-suite id="tests/test_transport.py::TestJourneyTransport" name="tests/test_transport.py::TestJourneyTransport" fullname="tests/test_transport.py::TestJourneyTransport" methodname="" classname="" runstate="Runnable" type="Assembly" testcasecount="6" result="Passed" label="Tests for JourneyTransport model." start-time="2026-06-01 11:51:01.940952" end-time="2026-06-01 11:51:01.943960" duration="0.003008" asserts="0" total="6" passed="6" failed="0" warnings="0" inconclusive="0" skipped="0"><properties><property name="python_version" value="3.11.9 (tags/v3.11.9:de54cf5, Apr  2 2024, 10:12:12) [MSC v.1938 64 bit (AMD64)]" /></properties><test-case id="117" name="tests/test_transport.py::TestJourneyTransport::test_create_transport_minimal" fullname="tests/test_transport.py::TestJourneyTransport::test_create_transport_minimal" methodname="test_create_transport_minimal" classname="TestJourneyTransport" runstate="Runnable" seed="1" result="Passed" label="Test creating JourneyTransport with minimal fields." start-time="2026-06-01 11:51:01.940952" end-time="2026-06-01 11:51:01.940952" duration="0.0" asserts="0"><properties><property name="python-version" value="3.11.9 (tags/v3.11.9:de54cf5, Apr  2 2024, 10:12:12) [MSC v.1938 64 bit (AMD64)]" /><property name="fspath" value="tests/test_transport.py" /></properties><environment framework-version="3.6.2" clr-version="3.11.9 (tags/v3.11.9:de54cf5, Apr  2 2024, 10:12:12) [MSC v.1938 64 bit (AMD64)]" os-version="10" platform="Windows" cwd="C:\Users\edwin\Repositories\simrail-companion" machine-name="AMD64" user="" user-domain="" culture="en_GB" uiculture="en_GB" os-architecture="64bit" /><failure><message><![CDATA[]]></message><stack-trace><![CDATA[None]]></stack-trace></failure><reason><message><![CDATA[]]></message></reason><output><![CDATA[]]></output></test-case><test-case id="118" name="tests/test_transport.py::TestJourneyTransport::test_create_transport_with_all_fields" fullname="tests/test_transport.py::TestJourneyTransport::test_create_transport_with_all_fields" methodname="test_create_transport_with_all_fields" classname="TestJourneyTransport" runstate="Runnable" seed="1" result="Passed" label="Test creating JourneyTransport with all optional fields." start-time="2026-06-01 11:51:01.940952" end-time="2026-06-01 11:51:01.941955" duration="0.001003" asserts="0"><properties><property name="python-version" value="3.11.9 (tags/v3.11.9:de54cf5, Apr  2 2024, 10:12:12) [MSC v.1938 64 bit (AMD64)]" /><property name="fspath" value="tests/test_transport.py" /></properties><environment framework-version="3.6.2" clr-version="3.11.9 (tags/v3.11.9:de54cf5, Apr  2 2024, 10:12:12) [MSC v.1938 64 bit (AMD64)]" os-version="10" platform="Windows" cwd="C:\Users\edwin\Repositories\simrail-companion" machine-name="AMD64" user="" user-domain="" culture="en_GB" uiculture="en_GB" os-architecture="64bit" /><failure><message><![CDATA[]]></message><stack-trace><![CDATA[None]]></stack-trace></failure><reason><message><![CDATA[]]></message></reason><output><![CDATA[]]></output></test-case><test-case id="119" name="tests/test_transport.py::TestJourneyTransport::test_transport_types" fullname="tests/test_transport.py::TestJourneyTransport::test_transport_types" methodname="test_transport_types" classname="TestJourneyTransport" runstate="Runnable" seed="1" result="Passed" label="Test all valid transport types." start-time="2026-06-01 11:51:01.941955" end-time="2026-06-01 11:51:01.941955" duration="0.0" asserts="0"><properties><property name="python-version" value="3.11.9 (tags/v3.11.9:de54cf5, Apr  2 2024, 10:12:12) [MSC v.1938 64 bit (AMD64)]" /><property name="fspath" value="tests/test_transport.py" /></properties><environment framework-version="3.6.2" clr-version="3.11.9 (tags/v3.11.9:de54cf5, Apr  2 2024, 10:12:12) [MSC v.1938 64 bit (AMD64)]" os-version="10" platform="Windows" cwd="C:\Users\edwin\Repositories\simrail-companion" machine-name="AMD64" user="" user-domain="" culture="en_GB" uiculture="en_GB" os-architecture="64bit" /><failure><message><![CDATA[]]></message><stack-trace><![CDATA[None]]></stack-trace></failure><reason><message><![CDATA[]]></message></reason><output><![CDATA[]]></output></test-case><test-case id="120" name="tests/test_transport.py::TestJourneyTransport::test_express_train" fullname="tests/test_transport.py::TestJourneyTransport::test_express_train" methodname="test_express_train" classname="TestJourneyTransport" runstate="Runnable" seed="1" result="Passed" label="Test creating an express train transport." start-time="2026-06-01 11:51:01.942958" end-time="2026-06-01 11:51:01.942958" duration="0.0" asserts="0"><properties><property name="python-version" value="3.11.9 (tags/v3.11.9:de54cf5, Apr  2 2024, 10:12:12) [MSC v.1938 64 bit (AMD64)]" /><property name="fspath" value="tests/test_transport.py" /></properties><environment framework-version="3.6.2" clr-version="3.11.9 (tags/v3.11.9:de54cf5, Apr  2 2024, 10:12:12) [MSC v.1938 64 bit (AMD64)]" os-version="10" platform="Windows" cwd="C:\Users\edwin\Repositories\simrail-companion" machine-name="AMD64" user="" user-domain="" culture="en_GB" uiculture="en_GB" os-architecture="64bit" /><failure><message><![CDATA[]]></message><stack-trace><![CDATA[None]]></stack-trace></failure><reason><message><![CDATA[]]></message></reason><output><![CDATA[]]></output></test-case><test-case id="121" name="tests/test_transport.py::TestJourneyTransport::test_cargo_train" fullname="tests/test_transport.py::TestJourneyTransport::test_cargo_train" methodname="test_cargo_train" classname="TestJourneyTransport" runstate="Runnable" seed="1" result="Passed" label="Test creating a cargo train transport." start-time="2026-06-01 11:51:01.942958" end-time="2026-06-01 11:51:01.943960" duration="0.001002" asserts="0"><properties><property name="python-version" value="3.11.9 (tags/v3.11.9:de54cf5, Apr  2 2024, 10:12:12) [MSC v.1938 64 bit (AMD64)]" /><property name="fspath" value="tests/test_transport.py" /></properties><environment framework-version="3.6.2" clr-version="3.11.9 (tags/v3.11.9:de54cf5, Apr  2 2024, 10:12:12) [MSC v.1938 64 bit (AMD64)]" os-version="10" platform="Windows" cwd="C:\Users\edwin\Repositories\simrail-companion" machine-name="AMD64" user="" user-domain="" culture="en_GB" uiculture="en_GB" os-architecture="64bit" /><failure><message><![CDATA[]]></message><stack-trace><![CDATA[None]]></stack-trace></failure><reason><message><![CDATA[]]></message></reason><output><![CDATA[]]></output></test-case><test-case id="122" name="tests/test_transport.py::TestJourneyTransport::test_maintenance_train" fullname="tests/test_transport.py::TestJourneyTransport::test_maintenance_train" methodname="test_maintenance_train" classname="TestJourneyTransport" runstate="Runnable" seed="1" result="Passed" label="Test creating a maintenance train transport." start-time="2026-06-01 11:51:01.943960" end-time="2026-06-01 11:51:01.943960" duration="0.0" asserts="0"><properties><property name="python-version" value="3.11.9 (tags/v3.11.9:de54cf5, Apr  2 2024, 10:12:12) [MSC v.1938 64 bit (AMD64)]" /><property name="fspath" value="tests/test_transport.py" /></properties><environment framework-version="3.6.2" clr-version="3.11.9 (tags/v3.11.9:de54cf5, Apr  2 2024, 10:12:12) [MSC v.1938 64 bit (AMD64)]" os-version="10" platform="Windows" cwd="C:\Users\edwin\Repositories\simrail-companion" machine-name="AMD64" user="" user-domain="" culture="en_GB" uiculture="en_GB" os-architecture="64bit" /><failure><message><![CDATA[]]></message><stack-trace><![CDATA[None]]></stack-trace></failure><reason><message><![CDATA[]]></message></reason><output><![CDATA[]]></output></test-case><environment framework-version="3.6.2" clr-version="3.11.9 (tags/v3.11.9:de54cf5, Apr  2 2024, 10:12:12) [MSC v.1938 64 bit (AMD64)]" os-version="10" platform="Windows" cwd="C:\Users\edwin\Repositories\simrail-companion" machine-name="AMD64" user="" user-domain="" culture="en_GB" uiculture="en_GB" os-architecture="64bit" /></test-suite><test-suite id="tests/test_extended_types.py::TestGeoPosition" name="tests/test_extended_types.py::TestGeoPosition" fullname="tests/test_extended_types.py::TestGeoPosition" methodname="" classname="" runstate="Runnable" type="Assembly" testcasecount="2" result="Passed" label="Tests for GeoPosition model." start-time="2026-06-01 11:51:01.934853" end-time="2026-06-01 11:51:01.935855" duration="0.001002" asserts="0" total="2" passed="2" failed="0" warnings="0" inconclusive="0" skipped="0"><properties><property name="python_version" value="3.11.9 (tags/v3.11.9:de54cf5, Apr  2 2024, 10:12:12) [MSC v.1938 64 bit (AMD64)]" /></properties><test-case id="109" name="tests/test_extended_types.py::TestGeoPosition::test_create_geo_position" fullname="tests/test_extended_types.py::TestGeoPosition::test_create_geo_position" methodname="test_create_geo_position" classname="TestGeoPosition" runstate="Runnable" seed="1" result="Passed" label="Test creating a GeoPosition instance." start-time="2026-06-01 11:51:01.934853" end-time="2026-06-01 11:51:01.934853" duration="0.0" asserts="0"><properties><property name="python-version" value="3.11.9 (tags/v3.11.9:de54cf5, Apr  2 2024, 10:12:12) [MSC v.1938 64 bit (AMD64)]" /><property name="fspath" value="tests/test_extended_types.py" /></properties><environment framework-version="3.6.2" clr-version="3.11.9 (tags/v3.11.9:de54cf5, Apr  2 2024, 10:12:12) [MSC v.1938 64 bit (AMD64)]" os-version="10" platform="Windows" cwd="C:\Users\edwin\Repositories\simrail-companion" machine-name="AMD64" user="" user-domain="" culture="en_GB" uiculture="en_GB" os-architecture="64bit" /><failure><message><![CDATA[]]></message><stack-trace><![CDATA[None]]></stack-trace></failure><reason><message><![CDATA[]]></message></reason><output><![CDATA[]]></output></test-case><test-case id="110" name="tests/test_extended_types.py::TestGeoPosition::test_geo_position_accepts_floats" fullname="tests/test_extended_types.py::TestGeoPosition::test_geo_position_accepts_floats" methodname="test_geo_position_accepts_floats" classname="TestGeoPosition" runstate="Runnable" seed="1" result="Passed" label="Test that GeoPosition accepts float values." start-time="2026-06-01 11:51:01.935855" end-time="2026-06-01 11:51:01.935855" duration="0.0" asserts="0"><properties><property name="python-version" value="3.11.9 (tags/v3.11.9:de54cf5, Apr  2 2024, 10:12:12) [MSC v.1938 64 bit (AMD64)]" /><property name="fspath" value="tests/test_extended_types.py" /></properties><environment framework-version="3.6.2" clr-version="3.11.9 (tags/v3.11.9:de54cf5, Apr  2 2024, 10:12:12) [MSC v.1938 64 bit (AMD64)]" os-version="10" platform="Windows" cwd="C:\Users\edwin\Repositories\simrail-companion" machine-name="AMD64" user="" user-domain="" culture="en_GB" uiculture="en_GB" os-architecture="64bit" /><failure><message><![CDATA[]]></message><stack-trace><![CDATA[None]]></stack-trace></failure><reason><message><![CDATA[]]></message></reason><output><![CDATA[]]></output></test-case><environment framework-version="3.6.2" clr-version="3.11.9 (tags/v3.11.9:de54cf5, Apr  2 2024, 10:12:12) [MSC v.1938 64 bit (AMD64)]" os-version="10" platform="Windows" cwd="C:\Users\edwin\Repositories\simrail-companion" machine-name="AMD64" user="" user-domain="" culture="en_GB" uiculture="en_GB" os-architecture="64bit" /></test-suite><test-suite id="tests/test_extended_types.py::TestJourneyExtended" name="tests/test_extended_types.py::TestJourneyExtended" fullname="tests/test_extended_types.py::TestJourneyExtended" methodname="" classname="" runstate="Runnable" type="Assembly" testcasecount="2" result="Passed" label="Tests for extended Journey model." start-time="2026-06-01 11:51:01.938939" end-time="2026-06-01 11:51:01.939944" duration="0.001005" asserts="0" total="2" passed="2" failed="0" warnings="0" inconclusive="0" skipped="0"><properties><property name="python_version" value="3.11.9 (tags/v3.11.9:de54cf5, Apr  2 2024, 10:12:12) [MSC v.1938 64 bit (AMD64)]" /></properties><test-case id="115" name="tests/test_extended_types.py::TestJourneyExtended::test_journey_with_live_data" fullname="tests/test_extended_types.py::TestJourneyExtended::test_journey_with_live_data" methodname="test_journey_with_live_data" classname="TestJourneyExtended" runstate="Runnable" seed="1" result="Passed" label="Test Journey with live data included." start-time="2026-06-01 11:51:01.938939" end-time="2026-06-01 11:51:01.939944" duration="0.001005" asserts="0"><properties><property name="python-version" value="3.11.9 (tags/v3.11.9:de54cf5, Apr  2 2024, 10:12:12) [MSC v.1938 64 bit (AMD64)]" /><property name="fspath" value="tests/test_extended_types.py" /></properties><environment framework-version="3.6.2" clr-version="3.11.9 (tags/v3.11.9:de54cf5, Apr  2 2024, 10:12:12) [MSC v.1938 64 bit (AMD64)]" os-version="10" platform="Windows" cwd="C:\Users\edwin\Repositories\simrail-companion" machine-name="AMD64" user="" user-domain="" culture="en_GB" uiculture="en_GB" os-architecture="64bit" /><failure><message><![CDATA[]]></message><stack-trace><![CDATA[None]]></stack-trace></failure><reason><message><![CDATA[]]></message></reason><output><![CDATA[]]></output></test-case><test-case id="116" name="tests/test_extended_types.py::TestJourneyExtended::test_journey_without_live_data" fullname="tests/test_extended_types.py::TestJourneyExtended::test_journey_without_live_data" methodname="test_journey_without_live_data" classname="TestJourneyExtended" runstate="Runnable" seed="1" result="Passed" label="Test Journey without live data (inactive journey)." start-time="2026-06-01 11:51:01.939944" end-time="2026-06-01 11:51:01.939944" duration="0.0" asserts="0"><properties><property name="python-version" value="3.11.9 (tags/v3.11.9:de54cf5, Apr  2 2024, 10:12:12) [MSC v.1938 64 bit (AMD64)]" /><property name="fspath" value="tests/test_extended_types.py" /></properties><environment framework-version="3.6.2" clr-version="3.11.9 (tags/v3.11.9:de54cf5, Apr  2 2024, 10:12:12) [MSC v.1938 64 bit (AMD64)]" os-version="10" platform="Windows" cwd="C:\Users\edwin\Repositories\simrail-companion" machine-name="AMD64" user="" user-domain="" culture="en_GB" uiculture="en_GB" os-architecture="64bit" /><failure><message><![CDATA[]]></message><stack-trace><![CDATA[None]]></stack-trace></failure><reason><message><![CDATA[]]></message></reason><output><![CDATA[]]></output></test-case><environment framework-version="3.6.2" clr-version="3.11.9 (tags/v3.11.9:de54cf5, Apr  2 2024, 10:12:12) [MSC v.1938 64 bit (AMD64)]" os-version="10" platform="Windows" cwd="C:\Users\edwin\Repositories\simrail-companion" machine-name="AMD64" user="" user-domain="" culture="en_GB" uiculture="en_GB" os-architecture="64bit" /></test-suite><test-suite id="tests/test_vehicles.py::TestVehicle" name="tests/test_vehicles.py::TestVehicle" fullname="tests/test_vehicles.py::TestVehicle" methodname="" classname="" runstate="Runnable" type="Assembly" testcasecount="3" result="Passed" label="Tests for Vehicle model." start-time="2026-06-01 11:51:01.953004" end-time="2026-06-01 11:51:01.955049" duration="0.002045" asserts="0" total="3" passed="3" failed="0" warnings="0" inconclusive="0" skipped="0"><properties><property name="python_version" value="3.11.9 (tags/v3.11.9:de54cf5, Apr  2 2024, 10:12:12) [MSC v.1938 64 bit (AMD64)]" /></properties><test-case id="136" name="tests/test_vehicles.py::TestVehicle::test_create_vehicle_without_load" fullname="tests/test_vehicles.py::TestVehicle::test_create_vehicle_without_load" methodname="test_create_vehicle_without_load" classname="TestVehicle" runstate="Runnable" seed="1" result="Passed" label="Test creating a Vehicle without load (locomotive)." start-time="2026-06-01 11:51:01.953004" end-time="2026-06-01 11:51:01.953004" duration="0.0" asserts="0"><properties><property name="python-version" value="3.11.9 (tags/v3.11.9:de54cf5, Apr  2 2024, 10:12:12) [MSC v.1938 64 bit (AMD64)]" /><property name="fspath" value="tests/test_vehicles.py" /></properties><environment framework-version="3.6.2" clr-version="3.11.9 (tags/v3.11.9:de54cf5, Apr  2 2024, 10:12:12) [MSC v.1938 64 bit (AMD64)]" os-version="10" platform="Windows" cwd="C:\Users\edwin\Repositories\simrail-companion" machine-name="AMD64" user="" user-domain="" culture="en_GB" uiculture="en_GB" os-architecture="64bit" /><failure><message><![CDATA[]]></message><stack-trace><![CDATA[None]]></stack-trace></failure><reason><message><![CDATA[]]></message></reason><output><![CDATA[]]></output></test-case><test-case id="137" name="tests/test_vehicles.py::TestVehicle::test_create_vehicle_with_load" fullname="tests/test_vehicles.py::TestVehicle::test_create_vehicle_with_load" methodname="test_create_vehicle_with_load" classname="TestVehicle" runstate="Runnable" seed="1" result="Passed" label="Test creating a Vehicle with cargo load." start-time="2026-06-01 11:51:01.954046" end-time="2026-06-01 11:51:01.954046" duration="0.0" asserts="0"><properties><property name="python-version" value="3.11.9 (tags/v3.11.9:de54cf5, Apr  2 2024, 10:12:12) [MSC v.1938 64 bit (AMD64)]" /><property name="fspath" value="tests/test_vehicles.py" /></properties><environment framework-version="3.6.2" clr-version="3.11.9 (tags/v3.11.9:de54cf5, Apr  2 2024, 10:12:12) [MSC v.1938 64 bit (AMD64)]" os-version="10" platform="Windows" cwd="C:\Users\edwin\Repositories\simrail-companion" machine-name="AMD64" user="" user-domain="" culture="en_GB" uiculture="en_GB" os-architecture="64bit" /><failure><message><![CDATA[]]></message><stack-trace><![CDATA[None]]></stack-trace></failure><reason><message><![CDATA[]]></message></reason><output><![CDATA[]]></output></test-case><test-case id="138" name="tests/test_vehicles.py::TestVehicle::test_vehicle_load_types" fullname="tests/test_vehicles.py::TestVehicle::test_vehicle_load_types" methodname="test_vehicle_load_types" classname="TestVehicle" runstate="Runnable" seed="1" result="Passed" label="Test various vehicle load types." start-time="2026-06-01 11:51:01.954046" end-time="2026-06-01 11:51:01.955049" duration="0.001003" asserts="0"><properties><property name="python-version" value="3.11.9 (tags/v3.11.9:de54cf5, Apr  2 2024, 10:12:12) [MSC v.1938 64 bit (AMD64)]" /><property name="fspath" value="tests/test_vehicles.py" /></properties><environment framework-version="3.6.2" clr-version="3.11.9 (tags/v3.11.9:de54cf5, Apr  2 2024, 10:12:12) [MSC v.1938 64 bit (AMD64)]" os-version="10" platform="Windows" cwd="C:\Users\edwin\Repositories\simrail-companion" machine-name="AMD64" user="" user-domain="" culture="en_GB" uiculture="en_GB" os-architecture="64bit" /><failure><message><![CDATA[]]></message><stack-trace><![CDATA[None]]></stack-trace></failure><reason><message><![CDATA[]]></message></reason><output><![CDATA[]]></output></test-case><environment framework-version="3.6.2" clr-version="3.11.9 (tags/v3.11.9:de54cf5, Apr  2 2024, 10:12:12) [MSC v.1938 64 bit (AMD64)]" os-version="10" platform="Windows" cwd="C:\Users\edwin\Repositories\simrail-companion" machine-name="AMD64" user="" user-domain="" culture="en_GB" uiculture="en_GB" os-architecture="64bit" /></test-suite><test-suite id="tests/test_types.py::TestJourneyEvent" name="tests/test_types.py::TestJourneyEvent" fullname="tests/test_types.py::TestJourneyEvent" methodname="" classname="" runstate="Runnable" type="Assembly" testcasecount="6" result="Passed" label="Tests for JourneyEvent model." start-time="2026-06-01 11:51:01.944963" end-time="2026-06-01 11:51:01.947985" duration="0.003022" asserts="0" total="6" passed="6" failed="0" warnings="0" inconclusive="0" skipped="0"><properties><property name="python_version" value="3.11.9 (tags/v3.11.9:de54cf5, Apr  2 2024, 10:12:12) [MSC v.1938 64 bit (AMD64)]" /></properties><test-case id="123" name="tests/test_types.py::TestJourneyEvent::test_parse_iso_datetime_with_milliseconds_and_z" fullname="tests/test_types.py::TestJourneyEvent::test_parse_iso_datetime_with_milliseconds_and_z" methodname="test_parse_iso_datetime_with_milliseconds_and_z" classname="TestJourneyEvent" runstate="Runnable" seed="1" result="Passed" label="Test parsing ISO-8601 datetime with milliseconds and Z timezone." start-time="2026-06-01 11:51:01.944963" end-time="2026-06-01 11:51:01.944963" duration="0.0" asserts="0"><properties><property name="python-version" value="3.11.9 (tags/v3.11.9:de54cf5, Apr  2 2024, 10:12:12) [MSC v.1938 64 bit (AMD64)]" /><property name="fspath" value="tests/test_types.py" /></properties><environment framework-version="3.6.2" clr-version="3.11.9 (tags/v3.11.9:de54cf5, Apr  2 2024, 10:12:12) [MSC v.1938 64 bit (AMD64)]" os-version="10" platform="Windows" cwd="C:\Users\edwin\Repositories\simrail-companion" machine-name="AMD64" user="" user-domain="" culture="en_GB" uiculture="en_GB" os-architecture="64bit" /><failure><message><![CDATA[]]></message><stack-trace><![CDATA[None]]></stack-trace></failure><reason><message><![CDATA[]]></message></reason><output><![CDATA[]]></output></test-case><test-case id="124" name="tests/test_types.py::TestJourneyEvent::test_datetime_is_timezone_aware" fullname="tests/test_types.py::TestJourneyEvent::test_datetime_is_timezone_aware" methodname="test_datetime_is_timezone_aware" classname="TestJourneyEvent" runstate="Runnable" seed="1" result="Passed" label="Test that parsed datetimes with Z are timezone-aware (UTC)." start-time="2026-06-01 11:51:01.944963" end-time="2026-06-01 11:51:01.945966" duration="0.001003" asserts="0"><properties><property name="python-version" value="3.11.9 (tags/v3.11.9:de54cf5, Apr  2 2024, 10:12:12) [MSC v.1938 64 bit (AMD64)]" /><property name="fspath" value="tests/test_types.py" /></properties><environment framework-version="3.6.2" clr-version="3.11.9 (tags/v3.11.9:de54cf5, Apr  2 2024, 10:12:12) [MSC v.1938 64 bit (AMD64)]" os-version="10" platform="Windows" cwd="C:\Users\edwin\Repositories\simrail-companion" machine-name="AMD64" user="" user-domain="" culture="en_GB" uiculture="en_GB" os-architecture="64bit" /><failure><message><![CDATA[]]></message><stack-trace><![CDATA[None]]></stack-trace></failure><reason><message><![CDATA[]]></message></reason><output><![CDATA[]]></output></test-case><test-case id="125" name="tests/test_types.py::TestJourneyEvent::test_datetime_without_timezone" fullname="tests/test_types.py::TestJourneyEvent::test_datetime_without_timezone" methodname="test_datetime_without_timezone" classname="TestJourneyEvent" runstate="Runnable" seed="1" result="Passed" label="Test that parsed datetimes without timezone info work (timezone-naive)." start-time="2026-06-01 11:51:01.945966" end-time="2026-06-01 11:51:01.945966" duration="0.0" asserts="0"><properties><property name="python-version" value="3.11.9 (tags/v3.11.9:de54cf5, Apr  2 2024, 10:12:12) [MSC v.1938 64 bit (AMD64)]" /><property name="fspath" value="tests/test_types.py" /></properties><environment framework-version="3.6.2" clr-version="3.11.9 (tags/v3.11.9:de54cf5, Apr  2 2024, 10:12:12) [MSC v.1938 64 bit (AMD64)]" os-version="10" platform="Windows" cwd="C:\Users\edwin\Repositories\simrail-companion" machine-name="AMD64" user="" user-domain="" culture="en_GB" uiculture="en_GB" os-architecture="64bit" /><failure><message><![CDATA[]]></message><stack-trace><![CDATA[None]]></stack-trace></failure><reason><message><![CDATA[]]></message></reason><output><![CDATA[]]></output></test-case><test-case id="126" name="tests/test_types.py::TestJourneyEvent::test_stop_types" fullname="tests/test_types.py::TestJourneyEvent::test_stop_types" methodname="test_stop_types" classname="TestJourneyEvent" runstate="Runnable" seed="1" result="Passed" label="Test all three stop types: NONE, TECHNICAL, PASSENGER." start-time="2026-06-01 11:51:01.946983" end-time="2026-06-01 11:51:01.946983" duration="0.0" asserts="0"><properties><property name="python-version" value="3.11.9 (tags/v3.11.9:de54cf5, Apr  2 2024, 10:12:12) [MSC v.1938 64 bit (AMD64)]" /><property name="fspath" value="tests/test_types.py" /></properties><environment framework-version="3.6.2" clr-version="3.11.9 (tags/v3.11.9:de54cf5, Apr  2 2024, 10:12:12) [MSC v.1938 64 bit (AMD64)]" os-version="10" platform="Windows" cwd="C:\Users\edwin\Repositories\simrail-companion" machine-name="AMD64" user="" user-domain="" culture="en_GB" uiculture="en_GB" os-architecture="64bit" /><failure><message><![CDATA[]]></message><stack-trace><![CDATA[None]]></stack-trace></failure><reason><message><![CDATA[]]></message></reason><output><![CDATA[]]></output></test-case><test-case id="127" name="tests/test_types.py::TestJourneyEvent::test_event_types" fullname="tests/test_types.py::TestJourneyEvent::test_event_types" methodname="test_event_types" classname="TestJourneyEvent" runstate="Runnable" seed="1" result="Passed" label="Test both event types: ARRIVAL and DEPARTURE." start-time="2026-06-01 11:51:01.946983" end-time="2026-06-01 11:51:01.947985" duration="0.001002" asserts="0"><properties><property name="python-version" value="3.11.9 (tags/v3.11.9:de54cf5, Apr  2 2024, 10:12:12) [MSC v.1938 64 bit (AMD64)]" /><property name="fspath" value="tests/test_types.py" /></properties><environment framework-version="3.6.2" clr-version="3.11.9 (tags/v3.11.9:de54cf5, Apr  2 2024, 10:12:12) [MSC v.1938 64 bit (AMD64)]" os-version="10" platform="Windows" cwd="C:\Users\edwin\Repositories\simrail-companion" machine-name="AMD64" user="" user-domain="" culture="en_GB" uiculture="en_GB" os-architecture="64bit" /><failure><message><![CDATA[]]></message><stack-trace><![CDATA[None]]></stack-trace></failure><reason><message><![CDATA[]]></message></reason><output><![CDATA[]]></output></test-case><test-case id="128" name="tests/test_types.py::TestJourneyEvent::test_realtime_time_types" fullname="tests/test_types.py::TestJourneyEvent::test_realtime_time_types" methodname="test_realtime_time_types" classname="TestJourneyEvent" runstate="Runnable" seed="1" result="Passed" label="Test all three realtime time types: SCHEDULE, PREDICTION, REAL." start-time="2026-06-01 11:51:01.947985" end-time="2026-06-01 11:51:01.947985" duration="0.0" asserts="0"><properties><property name="python-version" value="3.11.9 (tags/v3.11.9:de54cf5, Apr  2 2024, 10:12:12) [MSC v.1938 64 bit (AMD64)]" /><property name="fspath" value="tests/test_types.py" /></properties><environment framework-version="3.6.2" clr-version="3.11.9 (tags/v3.11.9:de54cf5, Apr  2 2024, 10:12:12) [MSC v.1938 64 bit (AMD64)]" os-version="10" platform="Windows" cwd="C:\Users\edwin\Repositories\simrail-companion" machine-name="AMD64" user="" user-domain="" culture="en_GB" uiculture="en_GB" os-architecture="64bit" /><failure><message><![CDATA[]]></message><stack-trace><![CDATA[None]]></stack-trace></failure><reason><message><![CDATA[]]></message></reason><output><![CDATA[]]></output></test-case><environment framework-version="3.6.2" clr-version="3.11.9 (tags/v3.11.9:de54cf5, Apr  2 2024, 10:12:12) [MSC v.1938 64 bit (AMD64)]" os-version="10" platform="Windows" cwd="C:\Users\edwin\Repositories\simrail-companion" machine-name="AMD64" user="" user-domain="" culture="en_GB" uiculture="en_GB" os-architecture="64bit" /></test-suite><test-suite id="tests/test_types.py::TestJourney" name="tests/test_types.py::TestJourney" fullname="tests/test_types.py::TestJourney" methodname="" classname="" runstate="Runnable" type="Assembly" testcasecount="1" result="Passed" label="Tests for Journey model." start-time="2026-06-01 11:51:01.950998" end-time="2026-06-01 11:51:01.950998" duration="0.0" asserts="0" total="1" passed="1" failed="0" warnings="0" inconclusive="0" skipped="0"><properties><property name="python_version" value="3.11.9 (tags/v3.11.9:de54cf5, Apr  2 2024, 10:12:12) [MSC v.1938 64 bit (AMD64)]" /></properties><test-case id="132" name="tests/test_types.py::TestJourney::test_create_journey" fullname="tests/test_types.py::TestJourney::test_create_journey" methodname="test_create_journey" classname="TestJourney" runstate="Runnable" seed="1" result="Passed" label="Test creating a Journey with events." start-time="2026-06-01 11:51:01.950998" end-time="2026-06-01 11:51:01.950998" duration="0.0" asserts="0"><properties><property name="python-version" value="3.11.9 (tags/v3.11.9:de54cf5, Apr  2 2024, 10:12:12) [MSC v.1938 64 bit (AMD64)]" /><property name="fspath" value="tests/test_types.py" /></properties><environment framework-version="3.6.2" clr-version="3.11.9 (tags/v3.11.9:de54cf5, Apr  2 2024, 10:12:12) [MSC v.1938 64 bit (AMD64)]" os-version="10" platform="Windows" cwd="C:\Users\edwin\Repositories\simrail-companion" machine-name="AMD64" user="" user-domain="" culture="en_GB" uiculture="en_GB" os-architecture="64bit" /><failure><message><![CDATA[]]></message><stack-trace><![CDATA[None]]></stack-trace></failure><reason><message><![CDATA[]]></message></reason><output><![CDATA[]]></output></test-case><environment framework-version="3.6.2" clr-version="3.11.9 (tags/v3.11.9:de54cf5, Apr  2 2024, 10:12:12) [MSC v.1938 64 bit (AMD64)]" os-version="10" platform="Windows" cwd="C:\Users\edwin\Repositories\simrail-companion" machine-name="AMD64" user="" user-domain="" culture="en_GB" uiculture="en_GB" os-architecture="64bit" /></test-suite><test-suite id="tests/test_vehicles.py::TestVehicleLoadEnum" name="tests/test_vehicles.py::TestVehicleLoadEnum" fullname="tests/test_vehicles.py::TestVehicleLoadEnum" methodname="" classname="" runstate="Runnable" type="Assembly" testcasecount="1" result="Passed" label="Tests for VehicleLoad enum." start-time="2026-06-01 11:51:01.957055" end-time="2026-06-01 11:51:01.957055" duration="0.0" asserts="0" total="1" passed="1" failed="0" warnings="0" inconclusive="0" skipped="0"><properties><property name="python_version" value="3.11.9 (tags/v3.11.9:de54cf5, Apr  2 2024, 10:12:12) [MSC v.1938 64 bit (AMD64)]" /></properties><test-case id="142" name="tests/test_vehicles.py::TestVehicleLoadEnum::test_all_load_types_valid" fullname="tests/test_vehicles.py::TestVehicleLoadEnum::test_all_load_types_valid" methodname="test_all_load_types_valid" classname="TestVehicleLoadEnum" runstate="Runnable" seed="1" result="Passed" label="Test that all defined load types can be used." start-time="2026-06-01 11:51:01.957055" end-time="2026-06-01 11:51:01.957055" duration="0.0" asserts="0"><properties><property name="python-version" value="3.11.9 (tags/v3.11.9:de54cf5, Apr  2 2024, 10:12:12) [MSC v.1938 64 bit (AMD64)]" /><property name="fspath" value="tests/test_vehicles.py" /></properties><environment framework-version="3.6.2" clr-version="3.11.9 (tags/v3.11.9:de54cf5, Apr  2 2024, 10:12:12) [MSC v.1938 64 bit (AMD64)]" os-version="10" platform="Windows" cwd="C:\Users\edwin\Repositories\simrail-companion" machine-name="AMD64" user="" user-domain="" culture="en_GB" uiculture="en_GB" os-architecture="64bit" /><failure><message><![CDATA[]]></message><stack-trace><![CDATA[None]]></stack-trace></failure><reason><message><![CDATA[]]></message></reason><output><![CDATA[]]></output></test-case><environment framework-version="3.6.2" clr-version="3.11.9 (tags/v3.11.9:de54cf5, Apr  2 2024, 10:12:12) [MSC v.1938 64 bit (AMD64)]" os-version="10" platform="Windows" cwd="C:\Users\edwin\Repositories\simrail-companion" machine-name="AMD64" user="" user-domain="" culture="en_GB" uiculture="en_GB" os-architecture="64bit" /></test-suite><test-suite id="tests/test_vehicles.py::TestRailcar" name="tests/test_vehicles.py::TestRailcar" fullname="tests/test_vehicles.py::TestRailcar" methodname="" classname="" runstate="Runnable" type="Assembly" testcasecount="3" result="Passed" label="Tests for Railcar model." start-time="2026-06-01 11:51:01.950998" end-time="2026-06-01 11:51:01.953004" duration="0.002006" asserts="0" total="3" passed="3" failed="0" warnings="0" inconclusive="0" skipped="0"><properties><property name="python_version" value="3.11.9 (tags/v3.11.9:de54cf5, Apr  2 2024, 10:12:12) [MSC v.1938 64 bit (AMD64)]" /></properties><test-case id="133" name="tests/test_vehicles.py::TestRailcar::test_create_railcar_minimal" fullname="tests/test_vehicles.py::TestRailcar::test_create_railcar_minimal" methodname="test_create_railcar_minimal" classname="TestRailcar" runstate="Runnable" seed="1" result="Passed" label="Test creating a Railcar with minimal required fields." start-time="2026-06-01 11:51:01.950998" end-time="2026-06-01 11:51:01.952001" duration="0.001003" asserts="0"><properties><property name="python-version" value="3.11.9 (tags/v3.11.9:de54cf5, Apr  2 2024, 10:12:12) [MSC v.1938 64 bit (AMD64)]" /><property name="fspath" value="tests/test_vehicles.py" /></properties><environment framework-version="3.6.2" clr-version="3.11.9 (tags/v3.11.9:de54cf5, Apr  2 2024, 10:12:12) [MSC v.1938 64 bit (AMD64)]" os-version="10" platform="Windows" cwd="C:\Users\edwin\Repositories\simrail-companion" machine-name="AMD64" user="" user-domain="" culture="en_GB" uiculture="en_GB" os-architecture="64bit" /><failure><message><![CDATA[]]></message><stack-trace><![CDATA[None]]></stack-trace></failure><reason><message><![CDATA[]]></message></reason><output><![CDATA[]]></output></test-case><test-case id="134" name="tests/test_vehicles.py::TestRailcar::test_create_railcar_with_name_and_dlc" fullname="tests/test_vehicles.py::TestRailcar::test_create_railcar_with_name_and_dlc" methodname="test_create_railcar_with_name_and_dlc" classname="TestRailcar" runstate="Runnable" seed="1" result="Passed" label="Test creating a Railcar with baptismal name and DLC requirement." start-time="2026-06-01 11:51:01.952001" end-time="2026-06-01 11:51:01.952001" duration="0.0" asserts="0"><properties><property name="python-version" value="3.11.9 (tags/v3.11.9:de54cf5, Apr  2 2024, 10:12:12) [MSC v.1938 64 bit (AMD64)]" /><property name="fspath" value="tests/test_vehicles.py" /></properties><environment framework-version="3.6.2" clr-version="3.11.9 (tags/v3.11.9:de54cf5, Apr  2 2024, 10:12:12) [MSC v.1938 64 bit (AMD64)]" os-version="10" platform="Windows" cwd="C:\Users\edwin\Repositories\simrail-companion" machine-name="AMD64" user="" user-domain="" culture="en_GB" uiculture="en_GB" os-architecture="64bit" /><failure><message><![CDATA[]]></message><stack-trace><![CDATA[None]]></stack-trace></failure><reason><message><![CDATA[]]></message></reason><output><![CDATA[]]></output></test-case><test-case id="135" name="tests/test_vehicles.py::TestRailcar::test_railcar_physical_properties" fullname="tests/test_vehicles.py::TestRailcar::test_railcar_physical_properties" methodname="test_railcar_physical_properties" classname="TestRailcar" runstate="Runnable" seed="1" result="Passed" label="Test railcar physical properties are floats." start-time="2026-06-01 11:51:01.953004" end-time="2026-06-01 11:51:01.953004" duration="0.0" asserts="0"><properties><property name="python-version" value="3.11.9 (tags/v3.11.9:de54cf5, Apr  2 2024, 10:12:12) [MSC v.1938 64 bit (AMD64)]" /><property name="fspath" value="tests/test_vehicles.py" /></properties><environment framework-version="3.6.2" clr-version="3.11.9 (tags/v3.11.9:de54cf5, Apr  2 2024, 10:12:12) [MSC v.1938 64 bit (AMD64)]" os-version="10" platform="Windows" cwd="C:\Users\edwin\Repositories\simrail-companion" machine-name="AMD64" user="" user-domain="" culture="en_GB" uiculture="en_GB" os-architecture="64bit" /><failure><message><![CDATA[]]></message><stack-trace><![CDATA[None]]></stack-trace></failure><reason><message><![CDATA[]]></message></reason><output><![CDATA[]]></output></test-case><environment framework-version="3.6.2" clr-version="3.11.9 (tags/v3.11.9:de54cf5, Apr  2 2024, 10:12:12) [MSC v.1938 64 bit (AMD64)]" os-version="10" platform="Windows" cwd="C:\Users\edwin\Repositories\simrail-companion" machine-name="AMD64" user="" user-domain="" culture="en_GB" uiculture="en_GB" os-architecture="64bit" /></test-suite><test-suite id="tests/test_delay_calculation.py::TestDelayCalculation" name="tests/test_delay_calculation.py::TestDelayCalculation" fullname="tests/test_delay_calculation.py::TestDelayCalculation" methodname="" classname="" runstate="Runnable" type="Assembly" testcasecount="8" result="Passed" label="Tests for the calculate_delay method." start-time="2026-06-01 11:51:01.927823" end-time="2026-06-01 11:51:01.933850" duration="0.006027" asserts="0" total="8" passed="8" failed="0" warnings="0" inconclusive="0" skipped="0"><properties><property name="python_version" value="3.11.9 (tags/v3.11.9:de54cf5, Apr  2 2024, 10:12:12) [MSC v.1938 64 bit (AMD64)]" /></properties><test-case id="100" name="tests/test_delay_calculation.py::TestDelayCalculation::test_on_time_arrival" fullname="tests/test_delay_calculation.py::TestDelayCalculation::test_on_time_arrival" methodname="test_on_time_arrival" classname="TestDelayCalculation" runstate="Runnable" seed="1" result="Passed" label="Test delay calculation for on-time arrival." start-time="2026-06-01 11:51:01.927823" end-time="2026-06-01 11:51:01.928826" duration="0.001003" asserts="0"><properties><property name="python-version" value="3.11.9 (tags/v3.11.9:de54cf5, Apr  2 2024, 10:12:12) [MSC v.1938 64 bit (AMD64)]" /><property name="fspath" value="tests/test_delay_calculation.py" /></properties><environment framework-version="3.6.2" clr-version="3.11.9 (tags/v3.11.9:de54cf5, Apr  2 2024, 10:12:12) [MSC v.1938 64 bit (AMD64)]" os-version="10" platform="Windows" cwd="C:\Users\edwin\Repositories\simrail-companion" machine-name="AMD64" user="" user-domain="" culture="en_GB" uiculture="en_GB" os-architecture="64bit" /><failure><message><![CDATA[]]></message><stack-trace><![CDATA[None]]></stack-trace></failure><reason><message><![CDATA[]]></message></reason><output><![CDATA[]]></output></test-case><test-case id="101" name="tests/test_delay_calculation.py::TestDelayCalculation::test_delayed_arrival" fullname="tests/test_delay_calculation.py::TestDelayCalculation::test_delayed_arrival" methodname="test_delayed_arrival" classname="TestDelayCalculation" runstate="Runnable" seed="1" result="Passed" label="Test delay calculation for delayed arrival (&gt;1 minute late)." start-time="2026-06-01 11:51:01.928826" end-time="2026-06-01 11:51:01.929829" duration="0.001003" asserts="0"><properties><property name="python-version" value="3.11.9 (tags/v3.11.9:de54cf5, Apr  2 2024, 10:12:12) [MSC v.1938 64 bit (AMD64)]" /><property name="fspath" value="tests/test_delay_calculation.py" /></properties><environment framework-version="3.6.2" clr-version="3.11.9 (tags/v3.11.9:de54cf5, Apr  2 2024, 10:12:12) [MSC v.1938 64 bit (AMD64)]" os-version="10" platform="Windows" cwd="C:\Users\edwin\Repositories\simrail-companion" machine-name="AMD64" user="" user-domain="" culture="en_GB" uiculture="en_GB" os-architecture="64bit" /><failure><message><![CDATA[]]></message><stack-trace><![CDATA[None]]></stack-trace></failure><reason><message><![CDATA[]]></message></reason><output><![CDATA[]]></output></test-case><test-case id="102" name="tests/test_delay_calculation.py::TestDelayCalculation::test_early_arrival" fullname="tests/test_delay_calculation.py::TestDelayCalculation::test_early_arrival" methodname="test_early_arrival" classname="TestDelayCalculation" runstate="Runnable" seed="1" result="Passed" label="Test delay calculation for early arrival (&gt;1 minute early)." start-time="2026-06-01 11:51:01.929829" end-time="2026-06-01 11:51:01.929829" duration="0.0" asserts="0"><properties><property name="python-version" value="3.11.9 (tags/v3.11.9:de54cf5, Apr  2 2024, 10:12:12) [MSC v.1938 64 bit (AMD64)]" /><property name="fspath" value="tests/test_delay_calculation.py" /></properties><environment framework-version="3.6.2" clr-version="3.11.9 (tags/v3.11.9:de54cf5, Apr  2 2024, 10:12:12) [MSC v.1938 64 bit (AMD64)]" os-version="10" platform="Windows" cwd="C:\Users\edwin\Repositories\simrail-companion" machine-name="AMD64" user="" user-domain="" culture="en_GB" uiculture="en_GB" os-architecture="64bit" /><failure><message><![CDATA[]]></message><stack-trace><![CDATA[None]]></stack-trace></failure><reason><message><![CDATA[]]></message></reason><output><![CDATA[]]></output></test-case><test-case id="103" name="tests/test_delay_calculation.py::TestDelayCalculation::test_small_delay_counts_as_on_time" fullname="tests/test_delay_calculation.py::TestDelayCalculation::test_small_delay_counts_as_on_time" methodname="test_small_delay_counts_as_on_time" classname="TestDelayCalculation" runstate="Runnable" seed="1" result="Passed" label="Test that delays &lt;1 minute are considered on_time." start-time="2026-06-01 11:51:01.930836" end-time="2026-06-01 11:51:01.930836" duration="0.0" asserts="0"><properties><property name="python-version" value="3.11.9 (tags/v3.11.9:de54cf5, Apr  2 2024, 10:12:12) [MSC v.1938 64 bit (AMD64)]" /><property name="fspath" value="tests/test_delay_calculation.py" /></properties><environment framework-version="3.6.2" clr-version="3.11.9 (tags/v3.11.9:de54cf5, Apr  2 2024, 10:12:12) [MSC v.1938 64 bit (AMD64)]" os-version="10" platform="Windows" cwd="C:\Users\edwin\Repositories\simrail-companion" machine-name="AMD64" user="" user-domain="" culture="en_GB" uiculture="en_GB" os-architecture="64bit" /><failure><message><![CDATA[]]></message><stack-trace><![CDATA[None]]></stack-trace></failure><reason><message><![CDATA[]]></message></reason><output><![CDATA[]]></output></test-case><test-case id="104" name="tests/test_delay_calculation.py::TestDelayCalculation::test_pass_through_station" fullname="tests/test_delay_calculation.py::TestDelayCalculation::test_pass_through_station" methodname="test_pass_through_station" classname="TestDelayCalculation" runstate="Runnable" seed="1" result="Passed" label="Test delay calculation for pass-through station (stopType=NONE)." start-time="2026-06-01 11:51:01.931844" end-time="2026-06-01 11:51:01.931844" duration="0.0" asserts="0"><properties><property name="python-version" value="3.11.9 (tags/v3.11.9:de54cf5, Apr  2 2024, 10:12:12) [MSC v.1938 64 bit (AMD64)]" /><property name="fspath" value="tests/test_delay_calculation.py" /></properties><environment framework-version="3.6.2" clr-version="3.11.9 (tags/v3.11.9:de54cf5, Apr  2 2024, 10:12:12) [MSC v.1938 64 bit (AMD64)]" os-version="10" platform="Windows" cwd="C:\Users\edwin\Repositories\simrail-companion" machine-name="AMD64" user="" user-domain="" culture="en_GB" uiculture="en_GB" os-architecture="64bit" /><failure><message><![CDATA[]]></message><stack-trace><![CDATA[None]]></stack-trace></failure><reason><message><![CDATA[]]></message></reason><output><![CDATA[]]></output></test-case><test-case id="105" name="tests/test_delay_calculation.py::TestDelayCalculation::test_technical_stop" fullname="tests/test_delay_calculation.py::TestDelayCalculation::test_technical_stop" methodname="test_technical_stop" classname="TestDelayCalculation" runstate="Runnable" seed="1" result="Passed" label="Test delay calculation for technical stop." start-time="2026-06-01 11:51:01.931844" end-time="2026-06-01 11:51:01.932847" duration="0.001003" asserts="0"><properties><property name="python-version" value="3.11.9 (tags/v3.11.9:de54cf5, Apr  2 2024, 10:12:12) [MSC v.1938 64 bit (AMD64)]" /><property name="fspath" value="tests/test_delay_calculation.py" /></properties><environment framework-version="3.6.2" clr-version="3.11.9 (tags/v3.11.9:de54cf5, Apr  2 2024, 10:12:12) [MSC v.1938 64 bit (AMD64)]" os-version="10" platform="Windows" cwd="C:\Users\edwin\Repositories\simrail-companion" machine-name="AMD64" user="" user-domain="" culture="en_GB" uiculture="en_GB" os-architecture="64bit" /><failure><message><![CDATA[]]></message><stack-trace><![CDATA[None]]></stack-trace></failure><reason><message><![CDATA[]]></message></reason><output><![CDATA[]]></output></test-case><test-case id="106" name="tests/test_delay_calculation.py::TestDelayCalculation::test_delay_preserves_all_fields" fullname="tests/test_delay_calculation.py::TestDelayCalculation::test_delay_preserves_all_fields" methodname="test_delay_preserves_all_fields" classname="TestDelayCalculation" runstate="Runnable" seed="1" result="Passed" label="Test that calculate_delay preserves all event fields." start-time="2026-06-01 11:51:01.932847" end-time="2026-06-01 11:51:01.932847" duration="0.0" asserts="0"><properties><property name="python-version" value="3.11.9 (tags/v3.11.9:de54cf5, Apr  2 2024, 10:12:12) [MSC v.1938 64 bit (AMD64)]" /><property name="fspath" value="tests/test_delay_calculation.py" /></properties><environment framework-version="3.6.2" clr-version="3.11.9 (tags/v3.11.9:de54cf5, Apr  2 2024, 10:12:12) [MSC v.1938 64 bit (AMD64)]" os-version="10" platform="Windows" cwd="C:\Users\edwin\Repositories\simrail-companion" machine-name="AMD64" user="" user-domain="" culture="en_GB" uiculture="en_GB" os-architecture="64bit" /><failure><message><![CDATA[]]></message><stack-trace><![CDATA[None]]></stack-trace></failure><reason><message><![CDATA[]]></message></reason><output><![CDATA[]]></output></test-case><test-case id="107" name="tests/test_delay_calculation.py::TestDelayCalculation::test_large_delay" fullname="tests/test_delay_calculation.py::TestDelayCalculation::test_large_delay" methodname="test_large_delay" classname="TestDelayCalculation" runstate="Runnable" seed="1" result="Passed" label="Test delay calculation for very large delay (&gt;1 hour)." start-time="2026-06-01 11:51:01.933850" end-time="2026-06-01 11:51:01.933850" duration="0.0" asserts="0"><properties><property name="python-version" value="3.11.9 (tags/v3.11.9:de54cf5, Apr  2 2024, 10:12:12) [MSC v.1938 64 bit (AMD64)]" /><property name="fspath" value="tests/test_delay_calculation.py" /></properties><environment framework-version="3.6.2" clr-version="3.11.9 (tags/v3.11.9:de54cf5, Apr  2 2024, 10:12:12) [MSC v.1938 64 bit (AMD64)]" os-version="10" platform="Windows" cwd="C:\Users\edwin\Repositories\simrail-companion" machine-name="AMD64" user="" user-domain="" culture="en_GB" uiculture="en_GB" os-architecture="64bit" /><failure><message><![CDATA[]]></message><stack-trace><![CDATA[None]]></stack-trace></failure><reason><message><![CDATA[]]></message></reason><output><![CDATA[]]></output></test-case><environment framework-version="3.6.2" clr-version="3.11.9 (tags/v3.11.9:de54cf5, Apr  2 2024, 10:12:12) [MSC v.1938 64 bit (AMD64)]" os-version="10" platform="Windows" cwd="C:\Users\edwin\Repositories\simrail-companion" machine-name="AMD64" user="" user-domain="" culture="en_GB" uiculture="en_GB" os-architecture="64bit" /></test-suite><test-suite id="tests/test_extended_types.py::TestJourneyLiveData" name="tests/test_extended_types.py::TestJourneyLiveData" fullname="tests/test_extended_types.py::TestJourneyLiveData" methodname="" classname="" runstate="Runnable" type="Assembly" testcasecount="2" result="Passed" label="Tests for JourneyLiveData model." start-time="2026-06-01 11:51:01.935855" end-time="2026-06-01 11:51:01.936858" duration="0.001003" asserts="0" total="2" passed="2" failed="0" warnings="0" inconclusive="0" skipped="0"><properties><property name="python_version" value="3.11.9 (tags/v3.11.9:de54cf5, Apr  2 2024, 10:12:12) [MSC v.1938 64 bit (AMD64)]" /></properties><test-case id="111" name="tests/test_extended_types.py::TestJourneyLiveData::test_create_live_data_minimal" fullname="tests/test_extended_types.py::TestJourneyLiveData::test_create_live_data_minimal" methodname="test_create_live_data_minimal" classname="TestJourneyLiveData" runstate="Runnable" seed="1" result="Passed" label="Test creating JourneyLiveData with minimal required fields." start-time="2026-06-01 11:51:01.935855" end-time="2026-06-01 11:51:01.936858" duration="0.001003" asserts="0"><properties><property name="python-version" value="3.11.9 (tags/v3.11.9:de54cf5, Apr  2 2024, 10:12:12) [MSC v.1938 64 bit (AMD64)]" /><property name="fspath" value="tests/test_extended_types.py" /></properties><environment framework-version="3.6.2" clr-version="3.11.9 (tags/v3.11.9:de54cf5, Apr  2 2024, 10:12:12) [MSC v.1938 64 bit (AMD64)]" os-version="10" platform="Windows" cwd="C:\Users\edwin\Repositories\simrail-companion" machine-name="AMD64" user="" user-domain="" culture="en_GB" uiculture="en_GB" os-architecture="64bit" /><failure><message><![CDATA[]]></message><stack-trace><![CDATA[None]]></stack-trace></failure><reason><message><![CDATA[]]></message></reason><output><![CDATA[]]></output></test-case><test-case id="112" name="tests/test_extended_types.py::TestJourneyLiveData::test_create_live_data_with_optional_fields" fullname="tests/test_extended_types.py::TestJourneyLiveData::test_create_live_data_with_optional_fields" methodname="test_create_live_data_with_optional_fields" classname="TestJourneyLiveData" runstate="Runnable" seed="1" result="Passed" label="Test creating JourneyLiveData with optional fields." start-time="2026-06-01 11:51:01.936858" end-time="2026-06-01 11:51:01.936858" duration="0.0" asserts="0"><properties><property name="python-version" value="3.11.9 (tags/v3.11.9:de54cf5, Apr  2 2024, 10:12:12) [MSC v.1938 64 bit (AMD64)]" /><property name="fspath" value="tests/test_extended_types.py" /></properties><environment framework-version="3.6.2" clr-version="3.11.9 (tags/v3.11.9:de54cf5, Apr  2 2024, 10:12:12) [MSC v.1938 64 bit (AMD64)]" os-version="10" platform="Windows" cwd="C:\Users\edwin\Repositories\simrail-companion" machine-name="AMD64" user="" user-domain="" culture="en_GB" uiculture="en_GB" os-architecture="64bit" /><failure><message><![CDATA[]]></message><stack-trace><![CDATA[None]]></stack-trace></failure><reason><message><![CDATA[]]></message></reason><output><![CDATA[]]></output></test-case><environment framework-version="3.6.2" clr-version="3.11.9 (tags/v3.11.9:de54cf5, Apr  2 2024, 10:12:12) [MSC v.1938 64 bit (AMD64)]" os-version="10" platform="Windows" cwd="C:\Users\edwin\Repositories\simrail-companion" machine-name="AMD64" user="" user-domain="" culture="en_GB" uiculture="en_GB" os-architecture="64bit" /></test-suite><test-suite id="tests/test_types.py::TestDelayInfo" name="tests/test_types.py::TestDelayInfo" fullname="tests/test_types.py::TestDelayInfo" methodname="" classname="" runstate="Runnable" type="Assembly" testcasecount="3" result="Passed" label="Tests for DelayInfo model." start-time="2026-06-01 11:51:01.948988" end-time="2026-06-01 11:51:01.949991" duration="0.001003" asserts="0" total="3" passed="3" failed="0" warnings="0" inconclusive="0" skipped="0"><properties><property name="python_version" value="3.11.9 (tags/v3.11.9:de54cf5, Apr  2 2024, 10:12:12) [MSC v.1938 64 bit (AMD64)]" /></properties><test-case id="129" name="tests/test_types.py::TestDelayInfo::test_create_delay_info" fullname="tests/test_types.py::TestDelayInfo::test_create_delay_info" methodname="test_create_delay_info" classname="TestDelayInfo" runstate="Runnable" seed="1" result="Passed" label="Test creating a DelayInfo instance." start-time="2026-06-01 11:51:01.948988" end-time="2026-06-01 11:51:01.948988" duration="0.0" asserts="0"><properties><property name="python-version" value="3.11.9 (tags/v3.11.9:de54cf5, Apr  2 2024, 10:12:12) [MSC v.1938 64 bit (AMD64)]" /><property name="fspath" value="tests/test_types.py" /></properties><environment framework-version="3.6.2" clr-version="3.11.9 (tags/v3.11.9:de54cf5, Apr  2 2024, 10:12:12) [MSC v.1938 64 bit (AMD64)]" os-version="10" platform="Windows" cwd="C:\Users\edwin\Repositories\simrail-companion" machine-name="AMD64" user="" user-domain="" culture="en_GB" uiculture="en_GB" os-architecture="64bit" /><failure><message><![CDATA[]]></message><stack-trace><![CDATA[None]]></stack-trace></failure><reason><message><![CDATA[]]></message></reason><output><![CDATA[]]></output></test-case><test-case id="130" name="tests/test_types.py::TestDelayInfo::test_delay_status_types" fullname="tests/test_types.py::TestDelayInfo::test_delay_status_types" methodname="test_delay_status_types" classname="TestDelayInfo" runstate="Runnable" seed="1" result="Passed" label="Test all delay status types: on_time, delayed, early." start-time="2026-06-01 11:51:01.948988" end-time="2026-06-01 11:51:01.949991" duration="0.001003" asserts="0"><properties><property name="python-version" value="3.11.9 (tags/v3.11.9:de54cf5, Apr  2 2024, 10:12:12) [MSC v.1938 64 bit (AMD64)]" /><property name="fspath" value="tests/test_types.py" /></properties><environment framework-version="3.6.2" clr-version="3.11.9 (tags/v3.11.9:de54cf5, Apr  2 2024, 10:12:12) [MSC v.1938 64 bit (AMD64)]" os-version="10" platform="Windows" cwd="C:\Users\edwin\Repositories\simrail-companion" machine-name="AMD64" user="" user-domain="" culture="en_GB" uiculture="en_GB" os-architecture="64bit" /><failure><message><![CDATA[]]></message><stack-trace><![CDATA[None]]></stack-trace></failure><reason><message><![CDATA[]]></message></reason><output><![CDATA[]]></output></test-case><test-case id="131" name="tests/test_types.py::TestDelayInfo::test_datetime_formatting" fullname="tests/test_types.py::TestDelayInfo::test_datetime_formatting" methodname="test_datetime_formatting" classname="TestDelayInfo" runstate="Runnable" seed="1" result="Passed" label="Test that datetime fields can be formatted with strftime." start-time="2026-06-01 11:51:01.949991" end-time="2026-06-01 11:51:01.949991" duration="0.0" asserts="0"><properties><property name="python-version" value="3.11.9 (tags/v3.11.9:de54cf5, Apr  2 2024, 10:12:12) [MSC v.1938 64 bit (AMD64)]" /><property name="fspath" value="tests/test_types.py" /></properties><environment framework-version="3.6.2" clr-version="3.11.9 (tags/v3.11.9:de54cf5, Apr  2 2024, 10:12:12) [MSC v.1938 64 bit (AMD64)]" os-version="10" platform="Windows" cwd="C:\Users\edwin\Repositories\simrail-companion" machine-name="AMD64" user="" user-domain="" culture="en_GB" uiculture="en_GB" os-architecture="64bit" /><failure><message><![CDATA[]]></message><stack-trace><![CDATA[None]]></stack-trace></failure><reason><message><![CDATA[]]></message></reason><output><![CDATA[]]></output></test-case><environment framework-version="3.6.2" clr-version="3.11.9 (tags/v3.11.9:de54cf5, Apr  2 2024, 10:12:12) [MSC v.1938 64 bit (AMD64)]" os-version="10" platform="Windows" cwd="C:\Users\edwin\Repositories\simrail-companion" machine-name="AMD64" user="" user-domain="" culture="en_GB" uiculture="en_GB" os-architecture="64bit" /></test-suite><test-suite id="tests/test_vehicles.py::TestVehicleSequencePrintable" name="tests/test_vehicles.py::TestVehicleSequencePrintable" fullname="tests/test_vehicles.py::TestVehicleSequencePrintable" methodname="" classname="" runstate="Runnable" type="Assembly" testcasecount="4" result="Passed" label="Tests for VehicleSequence printable representation." start-time="2026-06-01 11:51:01.957055" end-time="2026-06-01 11:51:01.960063" duration="0.003008" asserts="0" total="4" passed="4" failed="0" warnings="0" inconclusive="0" skipped="0"><properties><property name="python_version" value="3.11.9 (tags/v3.11.9:de54cf5, Apr  2 2024, 10:12:12) [MSC v.1938 64 bit (AMD64)]" /></properties><test-case id="143" name="tests/test_vehicles.py::TestVehicleSequencePrintable::test_str_representation_with_locomotive" fullname="tests/test_vehicles.py::TestVehicleSequencePrintable::test_str_representation_with_locomotive" methodname="test_str_representation_with_locomotive" classname="TestVehicleSequencePrintable" runstate="Runnable" seed="1" result="Passed" label="Test string representation with a locomotive and wagons." start-time="2026-06-01 11:51:01.957055" end-time="2026-06-01 11:51:01.958058" duration="0.001003" asserts="0"><properties><property name="python-version" value="3.11.9 (tags/v3.11.9:de54cf5, Apr  2 2024, 10:12:12) [MSC v.1938 64 bit (AMD64)]" /><property name="fspath" value="tests/test_vehicles.py" /></properties><environment framework-version="3.6.2" clr-version="3.11.9 (tags/v3.11.9:de54cf5, Apr  2 2024, 10:12:12) [MSC v.1938 64 bit (AMD64)]" os-version="10" platform="Windows" cwd="C:\Users\edwin\Repositories\simrail-companion" machine-name="AMD64" user="" user-domain="" culture="en_GB" uiculture="en_GB" os-architecture="64bit" /><failure><message><![CDATA[]]></message><stack-trace><![CDATA[None]]></stack-trace></failure><reason><message><![CDATA[]]></message></reason><output><![CDATA[]]></output></test-case><test-case id="144" name="tests/test_vehicles.py::TestVehicleSequencePrintable::test_str_representation_without_locomotive" fullname="tests/test_vehicles.py::TestVehicleSequencePrintable::test_str_representation_without_locomotive" methodname="test_str_representation_without_locomotive" classname="TestVehicleSequencePrintable" runstate="Runnable" seed="1" result="Passed" label="Test string representation without a locomotive." start-time="2026-06-01 11:51:01.958058" end-time="2026-06-01 11:51:01.958058" duration="0.0" asserts="0"><properties><property name="python-version" value="3.11.9 (tags/v3.11.9:de54cf5, Apr  2 2024, 10:12:12) [MSC v.1938 64 bit (AMD64)]" /><property name="fspath" value="tests/test_vehicles.py" /></properties><environment framework-version="3.6.2" clr-version="3.11.9 (tags/v3.11.9:de54cf5, Apr  2 2024, 10:12:12) [MSC v.1938 64 bit (AMD64)]" os-version="10" platform="Windows" cwd="C:\Users\edwin\Repositories\simrail-companion" machine-name="AMD64" user="" user-domain="" culture="en_GB" uiculture="en_GB" os-architecture="64bit" /><failure><message><![CDATA[]]></message><stack-trace><![CDATA[None]]></stack-trace></failure><reason><message><![CDATA[]]></message></reason><output><![CDATA[]]></output></test-case><test-case id="145" name="tests/test_vehicles.py::TestVehicleSequencePrintable::test_str_representation_empty_sequence" fullname="tests/test_vehicles.py::TestVehicleSequencePrintable::test_str_representation_empty_sequence" methodname="test_str_representation_empty_sequence" classname="TestVehicleSequencePrintable" runstate="Runnable" seed="1" result="Passed" label="Test string representation of empty sequence." start-time="2026-06-01 11:51:01.959060" end-time="2026-06-01 11:51:01.959060" duration="0.0" asserts="0"><properties><property name="python-version" value="3.11.9 (tags/v3.11.9:de54cf5, Apr  2 2024, 10:12:12) [MSC v.1938 64 bit (AMD64)]" /><property name="fspath" value="tests/test_vehicles.py" /></properties><environment framework-version="3.6.2" clr-version="3.11.9 (tags/v3.11.9:de54cf5, Apr  2 2024, 10:12:12) [MSC v.1938 64 bit (AMD64)]" os-version="10" platform="Windows" cwd="C:\Users\edwin\Repositories\simrail-companion" machine-name="AMD64" user="" user-domain="" culture="en_GB" uiculture="en_GB" os-architecture="64bit" /><failure><message><![CDATA[]]></message><stack-trace><![CDATA[None]]></stack-trace></failure><reason><message><![CDATA[]]></message></reason><output><![CDATA[]]></output></test-case><test-case id="146" name="tests/test_vehicles.py::TestVehicleSequencePrintable::test_str_representation_no_load" fullname="tests/test_vehicles.py::TestVehicleSequencePrintable::test_str_representation_no_load" methodname="test_str_representation_no_load" classname="TestVehicleSequencePrintable" runstate="Runnable" seed="1" result="Passed" label="Test string representation with vehicles but no cargo load." start-time="2026-06-01 11:51:01.959060" end-time="2026-06-01 11:51:01.960063" duration="0.001003" asserts="0"><properties><property name="python-version" value="3.11.9 (tags/v3.11.9:de54cf5, Apr  2 2024, 10:12:12) [MSC v.1938 64 bit (AMD64)]" /><property name="fspath" value="tests/test_vehicles.py" /></properties><environment framework-version="3.6.2" clr-version="3.11.9 (tags/v3.11.9:de54cf5, Apr  2 2024, 10:12:12) [MSC v.1938 64 bit (AMD64)]" os-version="10" platform="Windows" cwd="C:\Users\edwin\Repositories\simrail-companion" machine-name="AMD64" user="" user-domain="" culture="en_GB" uiculture="en_GB" os-architecture="64bit" /><failure><message><![CDATA[]]></message><stack-trace><![CDATA[None]]></stack-trace></failure><reason><message><![CDATA[]]></message></reason><output><![CDATA[]]></output></test-case><environment framework-version="3.6.2" clr-version="3.11.9 (tags/v3.11.9:de54cf5, Apr  2 2024, 10:12:12) [MSC v.1938 64 bit (AMD64)]" os-version="10" platform="Windows" cwd="C:\Users\edwin\Repositories\simrail-companion" machine-name="AMD64" user="" user-domain="" culture="en_GB" uiculture="en_GB" os-architecture="64bit" /></test-suite><test-suite id="tests/test_extended_types.py::TestJourneyEventExtended" name="tests/test_extended_types.py::TestJourneyEventExtended" fullname="tests/test_extended_types.py::TestJourneyEventExtended" methodname="" classname="" runstate="Runnable" type="Assembly" testcasecount="2" result="Passed" label="Tests for extended JourneyEvent fields." start-time="2026-06-01 11:51:01.937861" end-time="2026-06-01 11:51:01.938939" duration="0.001078" asserts="0" total="2" passed="2" failed="0" warnings="0" inconclusive="0" skipped="0"><properties><property name="python_version" value="3.11.9 (tags/v3.11.9:de54cf5, Apr  2 2024, 10:12:12) [MSC v.1938 64 bit (AMD64)]" /></properties><test-case id="113" name="tests/test_extended_types.py::TestJourneyEventExtended::test_event_without_passenger_stops" fullname="tests/test_extended_types.py::TestJourneyEventExtended::test_event_without_passenger_stops" methodname="test_event_without_passenger_stops" classname="TestJourneyEventExtended" runstate="Runnable" seed="1" result="Passed" label="Test event for pass-through station (no passenger stops)." start-time="2026-06-01 11:51:01.937861" end-time="2026-06-01 11:51:01.937861" duration="0.0" asserts="0"><properties><property name="python-version" value="3.11.9 (tags/v3.11.9:de54cf5, Apr  2 2024, 10:12:12) [MSC v.1938 64 bit (AMD64)]" /><property name="fspath" value="tests/test_extended_types.py" /></properties><environment framework-version="3.6.2" clr-version="3.11.9 (tags/v3.11.9:de54cf5, Apr  2 2024, 10:12:12) [MSC v.1938 64 bit (AMD64)]" os-version="10" platform="Windows" cwd="C:\Users\edwin\Repositories\simrail-companion" machine-name="AMD64" user="" user-domain="" culture="en_GB" uiculture="en_GB" os-architecture="64bit" /><failure><message><![CDATA[]]></message><stack-trace><![CDATA[None]]></stack-trace></failure><reason><message><![CDATA[]]></message></reason><output><![CDATA[]]></output></test-case><test-case id="114" name="tests/test_extended_types.py::TestJourneyEventExtended::test_event_with_passenger_stops" fullname="tests/test_extended_types.py::TestJourneyEventExtended::test_event_with_passenger_stops" methodname="test_event_with_passenger_stops" classname="TestJourneyEventExtended" runstate="Runnable" seed="1" result="Passed" label="Test event with scheduled and realtime passenger stop info." start-time="2026-06-01 11:51:01.937861" end-time="2026-06-01 11:51:01.938939" duration="0.001078" asserts="0"><properties><property name="python-version" value="3.11.9 (tags/v3.11.9:de54cf5, Apr  2 2024, 10:12:12) [MSC v.1938 64 bit (AMD64)]" /><property name="fspath" value="tests/test_extended_types.py" /></properties><environment framework-version="3.6.2" clr-version="3.11.9 (tags/v3.11.9:de54cf5, Apr  2 2024, 10:12:12) [MSC v.1938 64 bit (AMD64)]" os-version="10" platform="Windows" cwd="C:\Users\edwin\Repositories\simrail-companion" machine-name="AMD64" user="" user-domain="" culture="en_GB" uiculture="en_GB" os-architecture="64bit" /><failure><message><![CDATA[]]></message><stack-trace><![CDATA[None]]></stack-trace></failure><reason><message><![CDATA[]]></message></reason><output><![CDATA[]]></output></test-case><environment framework-version="3.6.2" clr-version="3.11.9 (tags/v3.11.9:de54cf5, Apr  2 2024, 10:12:12) [MSC v.1938 64 bit (AMD64)]" os-version="10" platform="Windows" cwd="C:\Users\edwin\Repositories\simrail-companion" machine-name="AMD64" user="" user-domain="" culture="en_GB" uiculture="en_GB" os-architecture="64bit" /></test-suite></test-run>